--------- beginning of /dev/log/main
I/dalvikvm( 6238): Lcom/android/org/bouncycastle/asn1/x9/X962NamedCurves$23;
I/dalvikvm( 6238): Lorg/apache/harmony/security/asn1/ASN1StringType$4;
I/dalvikvm( 6238): Landroid/animation/FloatKeyframeSet;
I/dalvikvm( 6238): Landroid/view/animation/LayoutAnimationController;
I/dalvikvm( 6238): Ljava/nio/MemoryBlock$NonMovableHeapBlock;
I/dalvikvm( 6238): Landroid/util/TypedValue;
I/dalvikvm( 6238): Ljava/security/cert/CertPath;
I/dalvikvm( 6238): Landroid/app/backup/BackupHelperDispatcher$Header;
I/dalvikvm( 6238): Landroid/media/MediaPlayer$OnPreparedListener;
I/dalvikvm( 6238): Lorg/apache/http/impl/conn/AbstractPoolEntry;
I/dalvikvm( 6238): Ljava/nio/charset/CharsetDecoderICU;
I/dalvikvm( 6238): Lcom/android/org/bouncycastle/asn1/x9/X9ObjectIdentifiers;
I/dalvikvm( 6238): Landroid/content/res/CompatibilityInfo$1;
I/dalvikvm( 6238): Lcom/android/org/bouncycastle/asn1/DERTaggedObject;
I/dalvikvm( 6238): Landroid/text/style/LineHeightSpan$WithDensity;
I/dalvikvm( 6238): Landroid/graphics/drawable/Animatable;
I/dalvikvm( 6238): Landroid/animation/IntEvaluator;
I/dalvikvm( 6238): Ljava/lang/IllegalAccessException;
I/dalvikvm( 6238): Landroid/graphics/drawable/GradientDrawable$1;
I/dalvikvm( 6238): Landroid/view/ViewConfiguration;
I/dalvikvm( 6238): Landroid/view/GestureDetector$OnDoubleTapListener;
I/dalvikvm( 6238): Landroid/content/pm/PackageInfo$1;
I/dalvikvm( 6238): Landroid/view/animation/LinearInterpolator;
I/dalvikvm( 6238): Landroid/database/CrossProcessCursor;
I/dalvikvm( 6238): Ljava/net/SocketAddress;
I/dalvikvm( 6238): Ldalvik/system/VMStack;
I/dalvikvm( 6238): Landroid/widget/TextView$CharWrapper;
I/dalvikvm( 6238): Landroid/provider/Settings$NameValueCache;
I/dalvikvm( 6238): Lcom/android/org/chromium/net/ProxyChangeListener;
I/dalvikvm( 6238): [Landroid/view/SurfaceHolder$Callback;
I/dalvikvm( 6238): Ljava/security/interfaces/RSAKey;
I/dalvikvm( 6238): Lorg/apache/harmony/security/asn1/ASN1StringType$5;
I/dalvikvm( 6238): Llibcore/icu/TimeZoneNames;
I/dalvikvm( 6238): Lorg/apache/http/message/BasicStatusLine;
I/dalvikvm( 6238): Lcom/android/internal/view/menu/MenuView;
I/dalvikvm( 6238): Landroid/graphics/Interpolator;
I/dalvikvm( 6238): Lcom/android/org/bouncycastle/asn1/x9/X9ECParametersHolder;
I/dalvikvm( 6238): Ljava/lang/UnsupportedOperationException;
I/dalvikvm( 6238): Llibcore/util/Objects;
I/dalvikvm( 6238): Landroid/content/res/CompatibilityInfo$2;
I/dalvikvm( 6238): Ljava/security/interfaces/RSAPublicKey;
I/dalvikvm( 6238): Lcom/android/org/bouncycastle/jcajce/provider/symmetric/DESede$Mappings;
I/dalvikvm( 6238): Lorg/apache/harmony/security/asn1/ASN1StringType$6;
I/dalvikvm( 6238): Ljava/util/ArrayList$ArrayListIterator;
I/dalvikvm( 6238): Landroid/content/res/AssetFileDescriptor;
I/dalvikvm( 6238): Llibcore/net/url/UrlUtils;
I/dalvikvm( 6238): Ljava/nio/channels/ReadableByteChannel;
I/dalvikvm( 6238): Landroid/app/IActivityManager$WaitResult;
I/dalvikvm( 6238): Landroid/media/MediaPlayer$OnCompletionListener;
I/dalvikvm( 6238): Landroid/widget/TableRow$ChildrenTracker;
I/dalvikvm( 6238): Landroid/app/IUiAutomationConnection$Stub;
I/dalvikvm( 6238): Lorg/apache/harmony/security/asn1/ASN1StringType$7;
I/dalvikvm( 6238): Ldalvik/system/DexFile;
I/dalvikvm( 6238): Ljava/text/Format$Field;
I/dalvikvm( 6238): Ljava/lang/InternalError;
I/dalvikvm( 6238): Landroid/widget/TextView$BufferType;
I/dalvikvm( 6238): Landroid/content/pm/ResolveInfo;
I/dalvikvm( 6238): Landroid/view/IOnKeyguardExitResult$Stub;
I/dalvikvm( 6238): Ljava/util/zip/ZipConstants;
I/dalvikvm( 6238): Llibcore/io/MemoryMappedFile;
I/dalvikvm( 6238): Landroid/app/ResourcesManager;
I/dalvikvm( 6238): Landroid/net/NetworkUtils;
I/dalvikvm( 6238): Ljava/util/MiniEnumSet;
I/dalvikvm( 6238): Landroid/media/IAudioFocusDispatcher;
I/dalvikvm( 6238): Lorg/apache/http/impl/client/EntityEnclosingRequestWrapper;
I/dalvikvm( 6238): Lcom/android/internal/telephony/IPhoneSubInfo$Stub;
I/dalvikvm( 6238): Landroid/graphics/Movie;
I/dalvikvm( 6238): [Landroid/graphics/Canvas$EdgeType;
I/dalvikvm( 6238): Ljava/lang/CaseMapper;
I/dalvikvm( 6238): Llibcore/io/BlockGuardOs;
I/dalvikvm( 6238): Landroid/text/StaticLayout;
I/dalvikvm( 6238): Landroid/widget/ExpandableListView$OnChildClickListener;
I/dalvikvm( 6238): Lorg/apache/http/impl/io/AbstractSessionOutputBuffer;
I/dalvikvm( 6238): Landroid/content/pm/ParceledListSlice;
I/dalvikvm( 6238): Landroid/view/Window$Callback;
I/dalvikvm( 6238): Landroid/location/LocationManager$ListenerTransport;
I/dalvikvm( 6238): Landroid/os/StrictMode$VmPolicy$Builder;
I/dalvikvm( 6238): Ljava/util/Hashtable$KeyEnumeration;
I/dalvikvm( 6238): Landroid/widget/AutoCompleteTextView$OnDismissListener;
I/dalvikvm( 6238): Landroid/text/Selection$START;
I/dalvikvm( 6238): Landroid/hardware/input/IInputManager$Stub$Proxy;
I/dalvikvm( 6238): Lorg/apache/http/conn/OperatedClientConnection;
I/dalvikvm( 6238): Lorg/apache/http/HttpHost;
I/dalvikvm( 6238): Landroid/util/PrefixPrinter;
I/dalvikvm( 6238): Lorg/apache/http/HttpResponseFactory;
I/dalvikvm( 6238): Ljava/util/TreeMap$1;
I/dalvikvm( 6238): Lorg/apache/http/ReasonPhraseCatalog;
I/dalvikvm( 6238): Lcom/android/org/bouncycastle/jcajce/provider/asymmetric/EC$Mappings;
I/dalvikvm( 6238): Landroid/content/ClipboardManager;
I/dalvikvm( 6238): Ljava/nio/ByteArrayBuffer;
I/dalvikvm( 6238): Ljava/util/concurrent/AbstractExecutorService;
I/dalvikvm( 6238): Landroid/widget/ResourceCursorAdapter;
I/dalvikvm( 6238): Lcom/android/org/bouncycastle/asn1/ASN1Set;
I/dalvikvm( 6238): Landroid/content/res/ColorStateList$1;
I/dalvikvm( 6238): Ljava/util/LinkedList$LinkIterator;
I/dalvikvm( 6238): Ljava/io/FileInputStream;
I/dalvikvm( 6238): Ljava/lang/IntegralToString$1;
I/dalvikvm( 6238): Lcom/android/org/chromium/media/VideoCapture$ChromiumCameraInfo;
I/dalvikvm( 6238): Ljava/util/TreeMap$2;
I/dalvikvm( 6238): Landroid/graphics/MaskFilter;
I/dalvikvm( 6238): Landroid/app/ContextImpl$ApplicationContentResolver;
I/dalvikvm( 6238): Lcom/android/org/conscrypt/Platform$NoPreloadHolder;
I/dalvikvm( 6238): Lorg/apache/harmony/security/asn1/DerInputStream;
I/dalvikvm( 6238): Landroid/widget/FastScroller;
I/dalvikvm( 6238): Landroid/content/ContentProviderClient;
I/dalvikvm( 6238): Landroid/view/View$AccessibilityDelegate;
I/dalvikvm( 6238): Lorg/apache/http/conn/ClientConnectionOperator;
I/dalvikvm( 6238): Ljava/lang/annotation/Annotation;
I/dalvikvm( 6238): Lcom/android/internal/view/menu/ActionMenuPresenter$OverflowMenuButton$1;
I/dalvikvm( 6238): Landroid/content/pm/PermissionInfo;
I/dalvikvm( 6238): Lorg/apache/http/cookie/CookieSpecRegistry;
I/dalvikvm( 6238): Landroid/view/ViewRootImpl$SyntheticJoystickHandler;
I/dalvikvm( 6238): Landroid/content/IntentSender$SendIntentException;
I/dalvikvm( 6238): Landroid/view/View$OnSystemUiVisibilityChangeListener;
I/dalvikvm( 6238): Landroid/graphics/Shader$TileMode;
I/dalvikvm( 6238): Landroid/os/Vibrator;
I/dalvikvm( 6238): Landroid/widget/AdapterView;
I/dalvikvm( 6238): Landroid/widget/Editor$SelectionActionModeCallback;
I/dalvikvm( 6238): Ljava/util/regex/MatchResult;
I/dalvikvm( 6238): Lcom/android/org/chromium/android_webview/AwQuotaManagerBridge;
I/dalvikvm( 6238): Landroid/widget/CursorFilter$CursorFilterClient;
I/dalvikvm( 6238): Landroid/nfc/IAppCallback;
I/dalvikvm( 6238): Lorg/apache/http/client/protocol/RequestAddCookies;
I/dalvikvm( 6238): Ljava/io/FileOutputStream;
I/dalvikvm( 6238): [[Lorg/apache/harmony/security/utils/ObjectIdentifier;
I/dalvikvm( 6238): Lcom/android/org/chromium/base/ThreadUtils;
I/dalvikvm( 6238): Landroid/util/LocalLog;
I/dalvikvm( 6238): Landroid/os/ZygoteStartFailedEx;
I/dalvikvm( 6238): Landroid/widget/CursorAdapter;
I/dalvikvm( 6238): Ljava/security/spec/EncodedKeySpec;
I/dalvikvm( 6238): Ljava/util/Collections$SynchronizedMap;
I/dalvikvm( 6238): Landroid/graphics/drawable/AnimationDrawable;
I/dalvikvm( 6238): Ljava/net/Inet4Address;
I/dalvikvm( 6238): Ljava/util/concurrent/atomic/AtomicBoolean;
I/dalvikvm( 6238): Landroid/widget/ExpandableListConnector$GroupMetadata;
I/dalvikvm( 6238): Landroid/view/View$ListenerInfo;
I/dalvikvm( 6238): Landroid/appwidget/AppWidgetProvider;
I/dalvikvm( 6238): Lorg/ccil/cowan/tagsoup/HTMLModels;
I/dalvikvm( 6238): Landroid/widget/TextView$1;
I/dalvikvm( 6238): Lcom/android/org/bouncycastle/asn1/x509/X509ObjectIdentifiers;
I/dalvikvm( 6238): Landroid/bluetooth/BluetoothUuid;
I/dalvikvm( 6238): Lcom/android/org/chromium/content/browser/InterstitialPageDelegateAndroid;
I/dalvikvm( 6238): Ljava/util/Stack;
I/dalvikvm( 6238): Lorg/apache/http/conn/routing/HttpRoutePlanner;
I/dalvikvm( 6238): Landroid/media/IAudioFocusDispatcher$Stub;
I/dalvikvm( 6238): Landroid/view/View$1;
I/dalvikvm( 6238): Landroid/media/MediaDrm;
I/dalvikvm( 6238): Lcom/android/internal/http/HttpDateTime;
I/dalvikvm( 6238): Lcom/android/org/chromium/media/MediaPlayerBridge;
I/dalvikvm( 6238): Lcom/android/internal/view/menu/MenuPresenter;
I/dalvikvm( 6238): Lorg/apache/harmony/dalvik/ddmc/DdmServer;
I/dalvikvm( 6238): Landroid/database/ContentObserver$NotificationRunnable;
I/dalvikvm( 6238): Ljava/nio/channels/spi/AbstractInterruptibleChannel$1;
I/dalvikvm( 6238): Landroid/net/LocalSocket;
I/dalvikvm( 6238): Landroid/os/storage/IMountService$Stub;
I/dalvikvm( 6238): Landroid/widget/TextView$2;
I/dalvikvm( 6238): Ljava/lang/CharSequence;
I/dalvikvm( 6238): Landroid/text/style/ForegroundColorSpan;
I/dalvikvm( 6238): Landroid/view/accessibility/IAccessibilityManager$Stub$Proxy;
I/dalvikvm( 6238): Landroid/view/View$2;
I/dalvikvm( 6238): Ljava/lang/Exception;
I/dalvikvm( 6238): Landroid/view/animation/Animation$AnimationListener;
I/dalvikvm( 6238): Landroid/widget/AutoCompleteTextView$DropDownItemClickListener;
I/dalvikvm( 6238): [Landroid/os/storage/StorageVolume;
I/dalvikvm( 6238): Landroid/widget/Spinner$1;
I/dalvikvm( 6238): Lcom/android/internal/util/Predicate;
I/dalvikvm( 6238): Landroid/view/DisplayAdjustments;
I/dalvikvm( 6238): Landroid/widget/TextView$3;
I/dalvikvm( 6238): Landroid/widget/Editor$InputContentType;
I/dalvikvm( 6238): Landroid/provider/Settings$SettingNotFoundException;
I/dalvikvm( 6238): Ljava/util/zip/Checksum;
I/dalvikvm( 6238): Landroid/app/SearchableInfo$ActionKeyInfo;
I/dalvikvm( 6238): Landroid/content/IIntentSender;
I/dalvikvm( 6238): Landroid/content/pm/PackageItemInfo;
I/dalvikvm( 6238): Llibcore/io/ForwardingOs;
I/dalvikvm( 6238): Landroid/view/View$3;
I/dalvikvm( 6238): Ljava/util/jar/ManifestReader;
I/dalvikvm( 6238): Lorg/apache/http/impl/entity/EntityDeserializer;
I/dalvikvm( 6238): Lcom/android/internal/util/XmlUtils;
I/dalvikvm( 6238): Landroid/hardware/input/IInputManager;
I/dalvikvm( 6238): Landroid/util/Base64$Encoder;
I/dalvikvm( 6238): Landroid/text/TextDirectionHeuristics$FirstStrong;
I/dalvikvm( 6238): Landroid/util/ContainerHelpers;
I/dalvikvm( 6238): Landroid/widget/Spinner$2;
I/dalvikvm( 6238): Landroid/os/BinderProxy;
I/dalvikvm( 6238): Landroid/database/sqlite/SQLiteConnectionPool$AcquiredConnectionStatus;
I/dalvikvm( 6238): Landroid/widget/TextView$4;
I/dalvikvm( 6238): Landroid/content/res/StringBlock$StyleIDs;
I/dalvikvm( 6238): [Landroid/text/style/ClickableSpan;
I/dalvikvm( 6238): Lcom/android/internal/telephony/ITelephonyRegistry;
I/dalvikvm( 6238): Landroid/opengl/GLUtils;
I/dalvikvm( 6238): Ljava/util/AbstractSet;
I/dalvikvm( 6238): Landroid/view/View$4;
I/dalvikvm( 6238): Ljava/io/DataOutputStream;
I/dalvikvm( 6238): [[Ljava/lang/String;
I/dalvikvm( 6238): Lorg/apache/http/impl/client/BasicCredentialsProvider;
I/dalvikvm( 6238): Landroid/app/Dialog$ListenersHandler;
I/dalvikvm( 6238): Ljava/util/zip/ZipEntry;
I/dalvikvm( 6238): Ljava/io/OutputStream;
I/dalvikvm( 6238): Landroid/view/AccessibilityIterators$TextSegmentIterator;
I/dalvikvm( 6238): Landroid/view/View$SendViewScrolledAccessibilityEvent;
I/dalvikvm( 6238): Landroid/view/ViewRootImpl$ViewRootHandler;
I/dalvikvm( 6238): Ldalvik/system/PathClassLoader;
I/dalvikvm( 6238): Landroid/database/CursorWindow$1;
I/dalvikvm( 6238): Lorg/apache/http/params/HttpParams;
I/dalvikvm( 6238): Ljava/security/cert/CertificateFactorySpi;
I/dalvikvm( 6238): Landroid/view/View$5;
I/dalvikvm( 6238): Landroid/view/GestureDetector$GestureHandler;
I/dalvikvm( 6238): Lcom/android/org/bouncycastle/asn1/ASN1EncodableVector;
I/dalvikvm( 6238): Landroid/content/SharedPreferences;
I/dalvikvm( 6238): Lcom/google/android/gles_jni/EGLDisplayImpl;
I/dalvikvm( 6238): Ljava/util/WeakHashMap$HashIterator;
I/dalvikvm( 6238): Landroid/nfc/INfcTag;
I/dalvikvm( 6238): Ljava/util/Timer$TimerImpl$TimerHeap;
I/dalvikvm( 6238): Landroid/text/format/DateFormat;
I/dalvikvm( 6238): Landroid/widget/AbsListView$SavedState$1;
I/dalvikvm( 6238): Landroid/text/SpannableStringBuilder;
I/dalvikvm( 6238): Landroid/graphics/drawable/BitmapDrawable$BitmapState;
I/dalvikvm( 6238): Ljava/security/Principal;
I/dalvikvm( 6238): Landroid/view/ViewRootImpl$RunQueue$HandlerAction;
I/dalvikvm( 6238): Landroid/media/videoeditor/MediaArtistNativeHelper$SlideDirection;
I/dalvikvm( 6238): Landroid/widget/Scroller;
I/dalvikvm( 6238): Landroid/graphics/pdf/PdfDocument;
I/dalvikvm( 6238): Landroid/view/View$6;
I/dalvikvm( 6238): Ljava/util/AbstractList$SimpleListIterator;
I/dalvikvm( 6238): Landroid/view/AccessibilityIterators$ParagraphTextSegmentIterator;
I/dalvikvm( 6238): Landroid/util/Base64;
I/dalvikvm( 6238): Llibcore/io/EventLogger$Reporter;
I/dalvikvm( 6238): Ljava/util/concurrent/atomic/AtomicReference;
I/dalvikvm( 6238): Landroid/animation/ValueAnimator$AnimationHandler;
I/dalvikvm( 6238): Landroid/os/storage/StorageManager;
I/dalvikvm( 6238): Landroid/media/CamcorderProfile;
I/dalvikvm( 6238): Lorg/apache/harmony/security/utils/ObjectIdentifier;
I/dalvikvm( 6238): Landroid/database/BulkCursorProxy;
I/dalvikvm( 6238): Landroid/content/ContentResolver$ParcelFileDescriptorInner;
I/dalvikvm( 6238): Landroid/net/WebAddress;
I/dalvikvm( 6238): Landroid/widget/TextView$ChangeWatcher;
I/dalvikvm( 6238): Lorg/apache/http/impl/cookie/RFC2109Spec;
I/dalvikvm( 6238): Landroid/view/View$7;
I/dalvikvm( 6238): Lcom/android/i18n/phonenumbers/PhoneNumberMatcher;
I/dalvikvm( 6238): Landroid/opengl/ManagedEGLContext;
I/dalvikvm( 6238): Ljava/nio/charset/Charset;
I/dalvikvm( 6238): Lcom/motorola/pixelpipe/PixelPipeApi;
I/dalvikvm( 6238): Landroid/app/IStopUserCallback;
I/dalvikvm( 6238): Landroid/view/View$SendViewStateChangedAccessibilityEvent;
I/dalvikvm( 6238): Ljava/io/FileFilter;
I/dalvikvm( 6238): Landroid/view/ActionProvider$SubUiVisibilityListener;
I/dalvikvm( 6238): Landroid/view/HardwareRenderer$Gl20Renderer$Gl20RendererEglContext$1;
I/dalvikvm( 6238): Landroid/view/View$8;
I/dalvikvm( 6238): Landroid/widget/Spinner;
I/dalvikvm( 6238): Lcom/android/org/bouncycastle/asn1/ASN1StreamParser;
I/dalvikvm( 6238): Ljava/util/concurrent/ConcurrentLinkedQueue$Node;
I/dalvikvm( 6238): Landroid/app/IUserSwitchObserver$Stub;
I/dalvikvm( 6238): Landroid/net/Uri$AbstractHierarchicalUri;
I/dalvikvm( 6238): Lorg/apache/http/protocol/HttpContext;
I/dalvikvm( 6238): Landroid/view/inputmethod/ExtractedText;
I/dalvikvm( 6238): Landroid/widget/TableRow$LayoutParams;
I/dalvikvm( 6238): Landroid/content/ISyncContext$Stub;
I/dalvikvm( 6238): Landroid/telephony/TelephonyManager$Listener;
I/dalvikvm( 6238): Landroid/graphics/PaintFlagsDrawFilter;
I/dalvikvm( 6238): Landroid/net/Uri$1;
I/dalvikvm( 6238): Landroid/content/ClipData;
I/dalvikvm( 6238): Landroid/view/SurfaceHolder;
I/dalvikvm( 6238): [Ljava/lang/StackTraceElement;
I/dalvikvm( 6238): Ljava/nio/channels/ByteChannel;
I/dalvikvm( 6238): Landroid/view/View$9;
I/dalvikvm( 6238): Lcom/android/internal/app/ActionBarImpl;
I/dalvikvm( 6238): Ljava/lang/VMClassLoader;
I/dalvikvm( 6238): Lcom/android/org/bouncycastle/asn1/ASN1InputStream;
I/dalvikvm( 6238): Llibcore/icu/ICU;
I/dalvikvm( 6238): Lcom/android/org/bouncycastle/jcajce/provider/config/ProviderConfigurationPermission;
I/dalvikvm( 6238): Lcom/motorola/datacollection/IDataCollectionListener$Stub;
I/dalvikvm( 6238): [Ljava/util/HashMap$HashMapEntry;
I/dalvikvm( 6238): Landroid/widget/ImageButton;
I/dalvikvm( 6238): Landroid/text/method/DialerKeyListener;
I/dalvikvm( 6238): Landroid/widget/HeaderViewListAdapter;
I/dalvikvm( 6238): Ljava/lang/BootClassLoader;
I/dalvikvm( 6238): Ljava/lang/Comparable;
I/dalvikvm( 6238): Ljava/util/WeakHashMap$2;
I/dalvikvm( 6238): Lorg/apache/http/cookie/CookieOrigin;
I/dalvikvm( 6238): Landroid/os/DropBoxManager;
I/dalvikvm( 6238): Landroid/database/sqlite/SQLiteDebug;
I/dalvikvm( 6238): Ljava/util/Collections$EmptyMap;
I/dalvikvm( 6238): Landroid/location/GpsStatus$NmeaListener;
I/dalvikvm( 6238): Landroid/widget/Toast$TN$1;
I/dalvikvm( 6238): Lcom/motorola/kpi/Kpi6paTop;
I/dalvikvm( 6238): Lcom/android/org/bouncycastle/jce/provider/RFC3280CertPathUtilities;
I/dalvikvm( 6238): Ljava/util/GregorianCalendar;
I/dalvikvm( 6238): Landroid/view/IWindow$Stub;
I/dalvikvm( 6238): Lcom/android/internal/widget/AbsActionBarView$VisibilityAnimListener;
I/dalvikvm( 6238): Lcom/android/internal/widget/ActionBarView$HomeView;
I/dalvikvm( 6238): Lorg/apache/harmony/security/x509/BasicConstraints;
I/dalvikvm( 6238): Ljava/io/FileDescriptor;
I/dalvikvm( 6238): Landroid/text/style/MetricAffectingSpan;
I/dalvikvm( 6238): Landroid/content/res/StringBlock;
I/dalvikvm( 6238): Landroid/app/ContextImpl$30;
I/dalvikvm( 6238): Lorg/apache/http/impl/cookie/RFC2965PortAttributeHandler;
I/dalvikvm( 6238): Landroid/preference/PreferenceManager;
I/dalvikvm( 6238): Landroid/webkit/WebIconDatabase;
I/dalvikvm( 6238): Landroid/widget/Toast$TN$2;
I/dalvikvm( 6238): Lcom/android/org/chromium/media/MediaDrmBridge;
I/dalvikvm( 6238): Landroid/view/WindowManagerImpl;
I/dalvikvm( 6238): Landroid/view/ActionMode;
I/dalvikvm( 6238): Lcom/android/org/chromium/content/browser/LocationProviderAdapter;
I/dalvikvm( 6238): Landroid/app/LoadedApk$ServiceDispatcher;
I/dalvikvm( 6238): Lcom/android/internal/widget/ActionBarContainer;
I/dalvikvm( 6238): Ljava/security/interfaces/DSAKey;
I/dalvikvm( 6238): Landroid/preference/PreferenceActivity;
I/dalvikvm( 6238): Landroid/text/NoCopySpan$Concrete;
I/dalvikvm( 6238): Landroid/util/FloatProperty;
I/dalvikvm( 6238): Landroid/app/ContextImpl$31;
I/dalvikvm( 6238): Landroid/os/storage/IMountService$Stub$Proxy;
I/dalvikvm( 6238): Ljava/lang/NegativeArraySizeException;
I/dalvikvm( 6238): Landroid/animation/PropertyValuesHolder$IntPropertyValuesHolder;
I/dalvikvm( 6238): Ljava/nio/channels/FileChannel;
I/dalvikvm( 6238): Lcom/android/org/chromium/android_webview/AwWebContentsDelegate;
I/dalvikvm( 6238): Ljava/text/Collator;
I/dalvikvm( 6238): Landroid/view/KeyCharacterMap$1;
I/dalvikvm( 6238): Lorg/xmlpull/v1/XmlPullParserException;
I/dalvikvm( 6238): Landroid/app/Service;
I/dalvikvm( 6238): Ljava/lang/Character$Subset;
I/dalvikvm( 6238): Landroid/text/TextPaint;
I/dalvikvm( 6238): Lcom/android/org/chromium/media/MediaPlayerListener;
I/dalvikvm( 6238): Ljava/lang/RuntimeException;
I/dalvikvm( 6238): Landroid/app/ApplicationErrorReport$CrashInfo;
I/dalvikvm( 6238): Lcom/android/internal/policy/impl/PhoneFallbackEventHandler;
I/dalvikvm( 6238): Landroid/text/method/TimeKeyListener;
I/dalvikvm( 6238): Landroid/webkit/WebViewProvider$ScrollDelegate;
I/dalvikvm( 6238): Ljava/security/Security;
I/dalvikvm( 6238): Landroid/app/ContextImpl$32;
I/dalvikvm( 6238): Landroid/hardware/input/IInputManager$Stub;
I/dalvikvm( 6238): Landroid/util/FloatMath;
I/dalvikvm( 6238): Landroid/telephony/MSimTelephonyManager;
I/dalvikvm( 6238): Lorg/apache/harmony/crypto/internal/NullCipherSpi;
I/dalvikvm( 6238): Landroid/content/pm/ServiceInfo$1;
I/dalvikvm( 6238): Landroid/view/WindowManager$InvalidDisplayException;
I/dalvikvm( 6238): Lorg/apache/http/impl/conn/DefaultClientConnectionOperator;
I/dalvikvm( 6238): Lorg/apache/http/impl/conn/tsccm/BasicPoolEntryRef;
I/dalvikvm( 6238): Llibcore/io/IoUtils;
I/dalvikvm( 6238): Landroid/view/GraphicBuffer$1;
I/dalvikvm( 6238): Landroid/webkit/WebSettings$LayoutAlgorithm;
I/dalvikvm( 6238): Landroid/os/IBinder;
I/dalvikvm( 6238): Lorg/apache/harmony/security/asn1/DerOutputStream;
I/dalvikvm( 6238): Landroid/widget/RelativeLayout$DependencyGraph$Node;
I/dalvikvm( 6238): Landroid/app/ContextImpl$33;
I/dalvikvm( 6238): Landroid/app/SharedPreferencesImpl$1;
I/dalvikvm( 6238): Landroid/animation/ValueAnimator$AnimatorUpdateListener;
I/dalvikvm( 6238): Ljava/net/ContentHandler;
I/dalvikvm( 6238): Landroid/widget/RelativeLayout$TopToBottomLeftToRightComparator;
I/dalvikvm( 6238): Lorg/apache/http/conn/ManagedClientConnection;
I/dalvikvm( 6238): Ljava/lang/reflect/Method$1;
I/dalvikvm( 6238): Landroid/preference/PreferenceActivity$Header;
I/dalvikvm( 6238): Lcom/android/org/bouncycastle/jcajce/provider/symmetric/Blowfish$Mappings;
I/dalvikvm( 6238): Lcom/android/org/bouncycastle/x509/ExtendedPKIXParameters;
I/dalvikvm( 6238): [[B
I/dalvikvm( 6238): Landroid/app/Application;
I/dalvikvm( 6238): [[F
I/dalvikvm( 6238): Landroid/view/IMagnificationCallbacks;
I/dalvikvm( 6238): [[I
I/dalvikvm( 6238): Landroid/app/ContextImpl$34;
I/dalvikvm( 6238): Landroid/database/sqlite/SQLiteDatabase$1;
I/dalvikvm( 6238): Landroid/widget/SpellChecker;
I/dalvikvm( 6238): Landroid/graphics/drawable/TransitionDrawable;
I/dalvikvm( 6238): Ljava/security/cert/CertPathValidator;
I/dalvikvm( 6238): Landroid/app/SharedPreferencesImpl$2;
I/dalvikvm( 6238): Landroid/view/GLES20DisplayList$DisplayListFinalizer;
I/dalvikvm( 6238): Landroid/view/GLES20TextureLayer;
I/dalvikvm( 6238): Landroid/widget/RelativeLayout$1;
I/dalvikvm( 6238): Landroid/widget/ProgressBar$AccessibilityEventSender;
I/dalvikvm( 6238): Landroid/view/accessibility/AccessibilityEvent$1;
I/dalvikvm( 6238): Landroid/nfc/INfcTag$Stub$Proxy;
I/dalvikvm( 6238): Ljava/util/logging/LoggingPermission;
I/dalvikvm( 6238): Landroid/os/ParcelFileDescriptor$AutoCloseInputStream;
I/dalvikvm( 6238): Landroid/app/ContextImpl$35;
I/dalvikvm( 6238): Landroid/database/sqlite/SQLiteDatabase$2;
I/dalvikvm( 6238): Lorg/apache/http/io/HttpMessageParser;
I/dalvikvm( 6238): Ldalvik/system/DexPathList$Element;
I/dalvikvm( 6238): Lorg/apache/harmony/security/x509/OtherName;
I/dalvikvm( 6238): Landroid/os/StrictMode$Span;
I/dalvikvm( 6238): Landroid/app/LoaderManager;
I/dalvikvm( 6238): Lorg/ccil/cowan/tagsoup/AutoDetector;
I/dalvikvm( 6238): [Landroid/graphics/Shader$TileMode;
I/dalvikvm( 6238): Ljava/io/BufferedWriter;
I/dalvikvm( 6238): Landroid/app/IUiAutomationConnection;
I/dalvikvm( 6238): Lorg/apache/http/HeaderIterator;
I/dalvikvm( 6238): Ljava/util/concurrent/ThreadFactory;
I/dalvikvm( 6238): Landroid/app/ContextImpl$36;
I/dalvikvm( 6238): Landroid/graphics/PorterDuff$Mode;
I/dalvikvm( 6238): Landroid/os/AsyncTask$1;
I/dalvikvm( 6238): Landroid/widget/Editor$PinnedPopupWindow;
I/dalvikvm( 6238): Lorg/xml/sax/ext/LexicalHandler;
I/dalvikvm( 6238): [Lorg/apache/harmony/security/asn1/ASN1Type;
I/dalvikvm( 6238): Landroid/app/WallpaperManager;
I/dalvikvm( 6238): Lorg/apache/http/ProtocolVersion;
I/dalvikvm( 6238): Lcom/android/internal/os/LoggingPrintStream;
I/dalvikvm( 6238): Lcom/android/internal/view/IInputMethodClient;
I/dalvikvm( 6238): Landroid/view/ViewRootImpl$TraversalRunnable;
I/dalvikvm( 6238): Ljava/util/Currency;
I/dalvikvm( 6238): Landroid/view/ViewTreeObserver$OnTouchModeChangeListener;
I/dalvikvm( 6238): Landroid/net/wifi/WpsResult;
I/dalvikvm( 6238): Landroid/widget/RemoteViews$1;
I/dalvikvm( 6238): Ljavax/crypto/Cipher;
I/dalvikvm( 6238): Lcom/android/internal/view/InputBindResult;
I/dalvikvm( 6238): Landroid/app/ContextImpl$37;
I/dalvikvm( 6238): Lorg/apache/http/client/methods/HttpRequestBase;
I/dalvikvm( 6238): Landroid/os/AsyncTask$2;
I/dalvikvm( 6238): Landroid/media/videoeditor/MediaArtistNativeHelper$Result;
I/dalvikvm( 6238): Landroid/widget/OverScroller;
I/dalvikvm( 6238): Landroid/text/style/TabStopSpan;
I/dalvikvm( 6238): Ljavax/net/ssl/X509KeyManager;
I/dalvikvm( 6238): [Ljava/util/Hashtable$HashtableEntry;
I/dalvikvm( 6238): Landroid/os/SystemProperties;
I/dalvikvm( 6238): Landroid/widget/TableLayout;
I/dalvikvm( 6238): Landroid/widget/RemoteViews$2;
I/dalvikvm( 6238): Ldalvik/system/CloseGuard$Reporter;
I/dalvikvm( 6238): Landroid/app/ContextImpl$38;
I/dalvikvm( 6238): Landroid/os/ICheckinService;
I/dalvikvm( 6238): Landroid/os/AsyncTask$3;
I/dalvikvm( 6238): Landroid/os/StrictMode$StrictModeDiskReadViolation;
I/dalvikvm( 6238): Landroid/app/BackStackRecord$Op;
I/dalvikvm( 6238): Lcom/android/org/chromium/media/AudioManagerAndroid$AudioDeviceName;
I/dalvikvm( 6238): Lcom/verizon/net/VzwConnectivityManager;
I/dalvikvm( 6238): Landroid/net/wifi/WifiNative;
I/dalvikvm( 6238): Landroid/view/ViewGroup$1;
I/dalvikvm( 6238): Landroid/app/Activity$TranslucentConversionListener;
I/dalvikvm( 6238): Landroid/app/IntentReceiverLeaked;
I/dalvikvm( 6238): Landroid/text/style/StrikethroughSpan;
I/dalvikvm( 6238): Lorg/apache/http/cookie/CookieIdentityComparator;
I/dalvikvm( 6238): Landroid/animation/ValueAnimator;
I/dalvikvm( 6238): Landroid/app/LoadedApk;
I/dalvikvm( 6238): Lorg/apache/http/impl/conn/tsccm/AbstractConnPool;
I/dalvikvm( 6238): Lcom/android/internal/policy/impl/PhoneLayoutInflater;
I/dalvikvm( 6238): Ljava/text/Format;
I/dalvikvm( 6238): Ljava/text/NumberFormat$Field;
I/dalvikvm( 6238): Landroid/app/ContextImpl$39;
I/dalvikvm( 6238): Lorg/apache/http/HeaderElement;
I/dalvikvm( 6238): Ljava/util/NavigableSet;
I/dalvikvm( 6238): Ljavax/microedition/khronos/opengles/GL11Ext;
I/dalvikvm( 6238): Ljava/lang/NumberFormatException;
I/dalvikvm( 6238): Landroid/view/ViewGroup$2;
I/dalvikvm( 6238): Landroid/app/ActivityThread$ApplicationThread;
I/dalvikvm( 6238): Landroid/app/ActivityManager$ProcessErrorStateInfo;
I/dalvikvm( 6238): Lcom/android/org/bouncycastle/jcajce/provider/digest/SHA384$Mappings;
I/dalvikvm( 6238): Lcom/android/internal/logging/AndroidHandler;
I/dalvikvm( 6238): Landroid/os/Build$VERSION;
I/dalvikvm( 6238): Lcom/android/org/chromium/android_webview/AwResource;
I/dalvikvm( 6238): Landroid/app/LoadedApk$ServiceDispatcher$RunConnection;
I/dalvikvm( 6238): Landroid/os/ServiceManager;
I/dalvikvm( 6238): Landroid/content/DialogInterface$OnMultiChoiceClickListener;
I/dalvikvm( 6238): Landroid/widget/ProgressBar$SavedState$1;
I/dalvikvm( 6238): Llibcore/reflect/AnnotationMember;
I/dalvikvm( 6238): Landroid/media/AudioRecord;
I/dalvikvm( 6238): Lorg/apache/http/impl/entity/StrictContentLengthStrategy;
I/dalvikvm( 6238): Landroid/widget/SearchView$OnSuggestionListener;
I/dalvikvm( 6238): Lorg/apache/http/ConnectionReuseStrategy;
I/dalvikvm( 6238): Ljava/io/Reader;
I/dalvikvm( 6238): Landroid/animation/FloatEvaluator;
I/dalvikvm( 6238): Landroid/view/ViewGroup$3;
I/dalvikvm( 6238): Landroid/accounts/AuthenticatorDescription;
I/dalvikvm( 6238): Ljava/security/PublicKey;
I/dalvikvm( 6238): Landroid/media/videoeditor/MediaArtistNativeHelper$TransitionSettings;
I/dalvikvm( 6238): [Landroid/view/inputmethod/CompletionInfo;
I/dalvikvm( 6238): Lcom/android/org/bouncycastle/jcajce/provider/config/ProviderConfiguration;
I/dalvikvm( 6238): Landroid/text/SpanSet;
I/dalvikvm( 6238): Landroid/content/ContentResolver$CursorWrapperInner;
I/dalvikvm( 6238): Ljava/util/HashMap$EntryIterator;
I/dalvikvm( 6238): Landroid/view/VelocityTracker;
I/dalvikvm( 6238): Landroid/app/ActivityManager$RunningAppProcessInfo;
I/dalvikvm( 6238): Lcom/android/internal/util/FastXmlSerializer;
I/dalvikvm( 6238): Landroid/opengl/EGLSurface;
I/dalvikvm( 6238): Ljava/lang/StringIndexOutOfBoundsException;
I/dalvikvm( 6238): Landroid/graphics/Paint$FontMetrics;
I/dalvikvm( 6238): Landroid/content/ComponentName$1;
I/dalvikvm( 6238): Lcom/android/org/bouncycastle/asn1/DERNull;
I/dalvikvm( 6238): Ljava/lang/Thread$UncaughtExceptionHandler;
I/dalvikvm( 6238): Llibcore/util/MutableInt;
I/dalvikvm( 6238): Landroid/view/KeyEvent$DispatcherState;
I/dalvikvm( 6238): Landroid/widget/AbsListView$LayoutParams;
I/dalvikvm( 6238): Llibcore/io/ErrnoException;
I/dalvikvm( 6238): Landroid/content/pm/ActivityInfo$1;
I/dalvikvm( 6238): Landroid/opengl/GLES11Ext;
I/dalvikvm( 6238): Lcom/android/internal/textservice/ITextServicesManager;
I/dalvikvm( 6238): Lorg/apache/harmony/security/x501/DirectoryString$1;
I/dalvikvm( 6238): Llibcore/io/Memory;
I/dalvikvm( 6238): Landroid/os/ParcelFileDescriptor;
I/dalvikvm( 6238): Landroid/graphics/drawable/ClipDrawable$1;
I/dalvikvm( 6238): Landroid/content/res/AssetManager$AssetInputStream;
I/dalvikvm( 6238): Lorg/apache/harmony/security/x509/SubjectPublicKeyInfo$1;
I/dalvikvm( 6238): Lorg/apache/http/message/LineFormatter;
I/dalvikvm( 6238): Landroid/location/GpsStatus;
I/dalvikvm( 6238): Landroid/widget/SearchView;
I/dalvikvm( 6238): Landroid/os/Parcelable$Creator;
I/dalvikvm( 6238): Lcom/android/internal/util/Preconditions;
I/dalvikvm( 6238): Landroid/widget/AbsSpinner$SavedState;
I/dalvikvm( 6238): Lcom/android/internal/content/NativeLibraryHelper;
I/dalvikvm( 6238): Ljava/lang/StackTraceElement;
I/dalvikvm( 6238): Landroid/animation/Animator;
I/dalvikvm( 6238): Landroid/media/videoeditor/MediaArtistNativeHelper$Bitrate;
I/dalvikvm( 6238): Lcom/android/internal/os/ZygoteConnection$Arguments;
I/dalvikvm( 6238): [Landroid/view/Choreographer$CallbackQueue;
I/dalvikvm( 6238): Ljava/lang/Daemons$Daemon;
I/dalvikvm( 6238): Landroid/text/TextWatcher;
I/dalvikvm( 6238): Landroid/webkit/WebHistoryItem;
I/dalvikvm( 6238): Lcom/android/org/conscrypt/TrustedCertificateKeyStoreSpi;
I/dalvikvm( 6238): Ljava/util/Collections$UnmodifiableList;
I/dalvikvm( 6238): Landroid/os/IPowerManager;
I/dalvikvm( 6238): Lorg/ccil/cowan/tagsoup/Element;
I/dalvikvm( 6238): Ljava/util/Collections$SingletonList;
I/dalvikvm( 6238): Landroid/text/method/ReplacementTransformationMethod$ReplacementCharSequence;
I/dalvikvm( 6238): Lorg/apache/harmony/security/asn1/ASN1Time;
I/dalvikvm( 6238): Lorg/apache/http/conn/ClientConnectionRequest;
I/dalvikvm( 6238): Lorg/apache/http/message/AbstractHttpMessage;
I/dalvikvm( 6238): Landroid/view/LayoutInflater$Factory2;
I/dalvikvm( 6238): Landroid/view/WindowManager$LayoutParams;
I/dalvikvm( 6238): Lorg/apache/http/conn/ConnectionKeepAliveStrategy;
I/dalvikvm( 6238): Landroid/graphics/Paint$Cap;
I/dalvikvm( 6238): Landroid/view/animation/Transformation;
I/dalvikvm( 6238): Lorg/apache/http/impl/entity/LaxContentLengthStrategy;
I/dalvikvm( 6238): Landroid/view/inputmethod/InputMethodManager$FinishedInputEventCallback;
I/dalvikvm( 6238): Ljava/io/ObjectInputStream;
I/dalvikvm( 6238): Landroid/graphics/drawable/RotateDrawable$RotateState;
I/dalvikvm( 6238): Landroid/text/format/DateUtils;
I/dalvikvm( 6238): Landroid/view/View$OnClickListener;
I/dalvikvm( 6238): Ljava/util/zip/Adler32;
I/dalvikvm( 6238): Lcom/android/internal/view/IInputConnectionWrapper$MyHandler;
I/dalvikvm( 6238): Lorg/apache/http/impl/conn/tsccm/RefQueueHandler;
I/dalvikvm( 6238): Landroid/hardware/camera2/CameraMetadata;
I/dalvikvm( 6238): Landroid/view/GLES20Layer$Finalizer;
I/dalvikvm( 6238): Ljava/io/Console;
I/dalvikvm( 6238): [Landroid/net/LinkQualityInfo;
I/dalvikvm( 6238): Lorg/apache/http/conn/routing/RouteInfo$LayerType;
I/dalvikvm( 6238): Lorg/apache/http/impl/cookie/RFC2965DiscardAttributeHandler;
I/dalvikvm( 6238): Landroid/widget/ListPopupWindow$PopupTouchInterceptor;
I/dalvikvm( 6238): Landroid/graphics/SurfaceTexture;
I/dalvikvm( 6238): Ljava/util/zip/InflaterInputStream;
I/dalvikvm( 6238): Llibcore/io/StructPollfd;
I/dalvikvm( 6238): Landroid/graphics/drawable/DrawableContainer$DrawableContainerState;
I/dalvikvm( 6238): Landroid/widget/TextView$Drawables;
I/dalvikvm( 6238): Landroid/text/style/StyleSpan;
I/dalvikvm( 6238): Lcom/android/org/bouncycastle/jcajce/provider/digest/SHA1;
I/dalvikvm( 6238): Lorg/apache/http/HttpResponseInterceptor;
I/dalvikvm( 6238): Landroid/accounts/AccountManager$AmsTask$Response;
I/dalvikvm( 6238): Landroid/widget/Spinner$DropdownPopup$1;
I/dalvikvm( 6238): Ljava/lang/IllegalArgumentException;
I/dalvikvm( 6238): Lorg/apache/http/message/BasicHeader;
I/dalvikvm( 6238): Landroid/content/res/Resources;
I/dalvikvm( 6238): Landroid/text/format/Time;
I/dalvikvm( 6238): Lcom/android/internal/view/menu/ActionMenuItemView;
I/dalvikvm( 6238): Lcom/android/internal/view/menu/MenuPopupHelper$MenuAdapter;
I/dalvikvm( 6238): Ljava/security/SecureRandomSpi;
I/dalvikvm( 6238): Lorg/apache/http/client/CredentialsProvider;
I/dalvikvm( 6238): Lorg/apache/http/conn/params/ConnManagerParams;
I/dalvikvm( 6238): Ljava/util/LinkedList;
I/dalvikvm( 6238): Landroid/graphics/PathMeasure;
I/dalvikvm( 6238): Landroid/view/HardwareRenderer$Gl20Renderer;
I/dalvikvm( 6238): Landroid/view/IInputFilter$Stub;
I/dalvikvm( 6238): [Ljava/lang/reflect/Method;
I/dalvikvm( 6238): Ljava/util/TreeSet;
I/dalvikvm( 6238): Landroid/view/VelocityTracker$Estimator;
I/dalvikvm( 6238): Landroid/os/ServiceManagerProxy;
I/dalvikvm( 6238): Ljava/lang/reflect/AnnotatedElement;
I/dalvikvm( 6238): Lcom/android/org/chromium/ui/gfx/BitmapHelper;
I/dalvikvm( 6238): Landroid/widget/RemoteViews$MemoryUsageCounter;
I/dalvikvm( 6238): Lcom/android/internal/policy/impl/PhoneWindow;
I/dalvikvm( 6238): Lorg/apache/harmony/security/asn1/ASN1Any;
I/dalvikvm( 6238): Landroid/widget/ListView$1;
I/dalvikvm( 6238): Lcom/android/org/bouncycastle/jcajce/provider/symmetric/DES;
I/dalvikvm( 6238): Lcom/android/org/chromium/ui/gl/SurfaceTexturePlatformWrapper;
I/dalvikvm( 6238): Landroid/net/NetworkInfo$1;
I/dalvikvm( 6238): Lorg/apache/http/client/protocol/RequestTargetAuthentication;
I/dalvikvm( 6238): Ljava/lang/reflect/Array;
I/dalvikvm( 6238): Ljava/lang/Byte;
I/dalvikvm( 6238): Landroid/location/Country;
I/dalvikvm( 6238): Landroid/widget/ProgressBar$SavedState;
I/dalvikvm( 6238): Lorg/apache/http/entity/BasicHttpEntity;
I/dalvikvm( 6238): Ljava/lang/ThreadLocal;
I/dalvikvm( 6238): Landroid/os/Parcelable$ClassLoaderCreator;
I/dalvikvm( 6238): [Landroid/graphics/Matrix$ScaleToFit;
I/dalvikvm( 6238): Landroid/accounts/Account$1;
I/dalvikvm( 6238): Lcom/android/internal/policy/IPolicy;
I/dalvikvm( 6238): Landroid/media/MediaPlayer$OnInfoListener;
I/dalvikvm( 6238): Landroid/widget/OverScroller$SplineOverScroller;
I/dalvikvm( 6238): Landroid/text/method/MetaKeyKeyListener;
I/dalvikvm( 6238): Landroid/webkit/WebSettings$PluginState;
I/dalvikvm( 6238): Lcom/android/internal/net/LegacyVpnInfo;
I/dalvikvm( 6238): Landroid/util/EventLog;
I/dalvikvm( 6238): Landroid/app/INotificationManager$Stub$Proxy;
I/dalvikvm( 6238): Landroid/os/Message;
I/dalvikvm( 6238): Landroid/os/StrictMode$ThreadSpanState;
I/dalvikvm( 6238): Landroid/content/IContentService;
I/dalvikvm( 6238): Lcom/android/internal/app/ActionBarImpl$1;
I/dalvikvm( 6238): Ljava/util/WeakHashMap$Entry$Type;
I/dalvikvm( 6238): Ljava/util/concurrent/CancellationException;
I/dalvikvm( 6238): Lorg/apache/http/conn/EofSensorInputStream;
I/dalvikvm( 6238): Llibcore/math/MathUtils;
I/dalvikvm( 6238): Landroid/provider/Settings$Global;
I/dalvikvm( 6238): Lcom/android/internal/app/IAppOpsService$Stub;
I/dalvikvm( 6238): Landroid/content/BroadcastReceiver;
I/dalvikvm( 6238): [Landroid/text/style/ReplacementSpan;
I/dalvikvm( 6238): Ljava/lang/Enum$1;
I/dalvikvm( 6238): Ljavax/net/ssl/KeyManagerFactorySpi;
I/dalvikvm( 6238): Landroid/animation/AnimatorSet;
I/dalvikvm( 6238): Lcom/android/internal/app/ActionBarImpl$2;
I/dalvikvm( 6238): Ljava/security/Security$SecurityDoor;
I/dalvikvm( 6238): Ldalvik/system/Zygote;
I/dalvikvm( 6238): Ljava/util/TreeMap$MapIterator;
I/dalvikvm( 6238): Ljava/util/concurrent/ConcurrentHashMap$Segment;
I/dalvikvm( 6238): Lcom/android/internal/app/IUsageStats$Stub;
I/dalvikvm( 6238): Lorg/apache/http/Header;
I/dalvikvm( 6238): Lcom/android/internal/app/ActionBarImpl$3;
I/dalvikvm( 6238): Landroid/app/ActivityThread$UpdateCompatibilityData;
I/dalvikvm( 6238): Lcom/android/internal/widget/ActionBarView$1;
I/dalvikvm( 6238): Landroid/util/PrintWriterPrinter;
I/dalvikvm( 6238): Landroid/app/Instrumentation$ActivityResult;
I/dalvikvm( 6238): Lcom/android/internal/util/AsyncChannel;
I/dalvikvm( 6238): Landroid/app/Activity$ManagedCursor;
I/dalvikvm( 6238): Ljava/util/ListIterator;
I/dalvikvm( 6238): Landroid/view/IWindowId;
I/dalvikvm( 6238): Landroid/util/SparseBooleanArray;
I/dalvikvm( 6238): Ljava/security/spec/KeySpec;
I/dalvikvm( 6238): Landroid/text/method/TextKeyListener;
I/dalvikvm( 6238): Lcom/android/internal/widget/ActionBarOverlayLayout;
I/dalvikvm( 6238): Ljava/security/interfaces/DSAPublicKey;
I/dalvikvm( 6238): Lorg/apache/http/impl/conn/tsccm/PoolEntryRequest;
I/dalvikvm( 6238): Lorg/apache/http/impl/io/SocketOutputBuffer;
I/dalvikvm( 6238): Landroid/view/ViewRootImpl;
I/dalvikvm( 6238): Lcom/android/org/chromium/base/PathUtils;
I/dalvikvm( 6238): Landroid/util/AndroidException;
I/dalvikvm( 6238): Ljava/util/concurrent/locks/AbstractQueuedSynchronizer$ConditionObject;
I/dalvikvm( 6238): Lcom/android/internal/widget/ActionBarView$2;
I/dalvikvm( 6238): Ljava/lang/StackOverflowError;
I/dalvikvm( 6238): Landroid/app/Notification$Builder;
I/dalvikvm( 6238): [Landroid/graphics/Paint$Cap;
I/dalvikvm( 6238): Landroid/net/DhcpResults$1;
I/dalvikvm( 6238): Landroid/view/HardwareRenderer$Gl20Renderer$Gl20RendererEglContext;
I/dalvikvm( 6238): Landroid/os/AsyncTask$SerialExecutor;
I/dalvikvm( 6238): Lorg/apache/http/io/HttpMessageWriter;
I/dalvikvm( 6238): Landroid/text/ParcelableSpan;
I/dalvikvm( 6238): Lcom/android/internal/widget/ActionBarView$3;
I/dalvikvm( 6238): Landroid/widget/ScrollView$SavedState;
I/dalvikvm( 6238): Landroid/widget/RemoteViews$BitmapCache;
I/dalvikvm( 6238): Landroid/net/Proxy;
I/dalvikvm( 6238): [Ljava/math/BigInteger;
I/dalvikvm( 6238): Lorg/apache/http/impl/cookie/CookieSpecBase;
I/dalvikvm( 6238): Landroid/preference/PreferenceFrameLayout$LayoutParams;
I/dalvikvm( 6238): Lorg/apache/http/impl/cookie/BasicSecureHandler;
I/dalvikvm( 6238): Ljava/util/SortedSet;
I/dalvikvm( 6238): Ljava/lang/reflect/Field$1;
I/dalvikvm( 6238): [Landroid/graphics/PorterDuff$Mode;
I/dalvikvm( 6238): Landroid/graphics/drawable/shapes/RoundRectShape;
I/dalvikvm( 6238): Landroid/net/LocalSocketImpl$SocketInputStream;
I/dalvikvm( 6238): Landroid/widget/AbsListView$PerformClick;
I/dalvikvm( 6238): Llibcore/io/Libcore;
I/dalvikvm( 6238): Ljava/util/ArrayList;
I/dalvikvm( 6238): Lcom/android/org/chromium/base/JavaHandlerThread;
I/dalvikvm( 6238): Ljava/text/DecimalFormat;
I/dalvikvm( 6238): Ljava/lang/ClassLoader$SystemClassLoader;
I/dalvikvm( 6238): Lcom/android/org/bouncycastle/jcajce/provider/digest/SHA512$Mappings;
I/dalvikvm( 6238): Lorg/xml/sax/ErrorHandler;
I/dalvikvm( 6238): Landroid/view/IRotationWatcher;
I/dalvikvm( 6238): Ljava/lang/Void;
I/dalvikvm( 6238): Ljava/util/TreeMap$Node;
I/dalvikvm( 6238): Landroid/os/StrictMode$StrictModeCustomViolation;
I/dalvikvm( 6238): Lorg/apache/http/impl/cookie/BasicPathHandler;
I/dalvikvm( 6238): Landroid/view/accessibility/AccessibilityManager$1;
I/dalvikvm( 6238): Landroid/database/ContentObserver$Transport;
I/dalvikvm( 6238): Ljava/util/Collections$UnmodifiableSet;
I/dalvikvm( 6238): Lcom/android/org/chromium/content/browser/input/ImeAdapter;
I/dalvikvm( 6238): Ljava/util/logging/LogManager;
I/dalvikvm( 6238): Landroid/text/style/SuggestionSpan;
I/dalvikvm( 6238): Lorg/ccil/cowan/tagsoup/ScanHandler;
I/dalvikvm( 6238): Landroid/content/res/TypedArray;
I/dalvikvm( 6238): Landroid/app/ActivityThread$1;
I/dalvikvm( 6238): Landroid/content/res/XmlBlock$Parser;
I/dalvikvm( 6238): Landroid/view/textservice/SpellCheckerSession$SpellCheckerSessionListener;
I/dalvikvm( 6238): Ldalvik/system/VMDebug;
I/dalvikvm( 6238): Landroid/widget/ProgressBar$1;
I/dalvikvm( 6238): Landroid/media/MediaScanner;
I/dalvikvm( 6238): Lorg/apache/http/client/methods/HttpUriRequest;
I/dalvikvm( 6238): Landroid/view/GestureDetector;
I/dalvikvm( 6238): Landroid/view/ViewRootImpl$TrackballAxis;
I/dalvikvm( 6238): Landroid/media/ImageReader$SurfaceImage;
I/dalvikvm( 6238): Landroid/app/BackStackState;
I/dalvikvm( 6238): Llibcore/io/StructGroupReq;
I/dalvikvm( 6238): Lcom/android/org/bouncycastle/jcajce/provider/symmetric/Twofish$Mappings;
I/dalvikvm( 6238): Ljava/util/HashMap$HashMapEntry;
I/dalvikvm( 6238): Landroid/app/ActivityThread$2;
I/dalvikvm( 6238): Landroid/view/Surface$OutOfResourcesException;
I/dalvikvm( 6238): Landroid/drm/DrmManagerClient;
I/dalvikvm( 6238): Landroid/net/wifi/WifiManager$ActionListener;
I/dalvikvm( 6238): Landroid/view/MotionEvent$1;
I/dalvikvm( 6238): Landroid/widget/Button;
I/dalvikvm( 6238): [Ljava/text/Format$Field;
I/dalvikvm( 6238): Ljava/lang/VirtualMachineError;
I/dalvikvm( 6238): Ljava/lang/reflect/Type;
I/dalvikvm( 6238): Landroid/webkit/WebBackForwardList;
I/dalvikvm( 6238): Lcom/android/org/chromium/android_webview/AwContentsIoThreadClient;
I/dalvikvm( 6238): Landroid/util/Log$TerribleFailure;
I/dalvikvm( 6238): Lorg/apache/http/impl/client/DefaultHttpClient;
I/dalvikvm( 6238): Landroid/text/method/TextKeyListener$Capitalize;
I/dalvikvm( 6238): Lorg/apache/http/util/ByteArrayBuffer;
I/dalvikvm( 6238): Landroid/text/method/ArrowKeyMovementMethod;
I/dalvikvm( 6238): Lcom/android/org/chromium/base/SystemMessageHandler;
I/dalvikvm( 6238): Ljava/io/DataInputStream;
I/dalvikvm( 6238): [Llibcore/reflect/AnnotationMember;
I/dalvikvm( 6238): Ljava/math/BigDecimal;
I/dalvikvm( 6238): Ljava/lang/Iterable;
I/dalvikvm( 6238): [Landroid/text/TextLine;
I/dalvikvm( 6238): Landroid/media/MediaDrm$ProvisionRequest;
I/dalvikvm( 6238): Landroid/accounts/IAccountManager;
I/dalvikvm( 6238): Lcom/android/org/chromium/content/browser/MediaResourceGetter;
I/dalvikvm( 6238): Landroid/preference/TwoStatePreference;
I/dalvikvm( 6238): Landroid/widget/ListPopupWindow$PopupDataSetObserver;
I/dalvikvm( 6238): Landroid/view/accessibility/AccessibilityNodeProvider;
I/dalvikvm( 6238): Landroid/os/ICancellationSignal$Stub;
I/dalvikvm( 6238): [Landroid/view/View;
I/dalvikvm( 6238): Lcom/android/internal/widget/ActionBarView$SavedState;
I/dalvikvm( 6238): Ljava/security/cert/PKIXCertPathValidatorResult;
I/dalvikvm( 6238): Ljava/util/concurrent/ThreadPoolExecutor$Worker;
I/dalvikvm( 6238): Landroid/util/Xml;
I/dalvikvm( 6238): Landroid/widget/AbsSpinner$RecycleBin;
I/dalvikvm( 6238): Landroid/view/ViewTreeObserver$OnGlobalLayoutListener;
I/dalvikvm( 6238): Landroid/net/DhcpResults;
I/dalvikvm( 6238): Landroid/database/BulkCursorNative;
I/dalvikvm( 6238): Lorg/apache/http/client/protocol/RequestProxyAuthentication;
I/dalvikvm( 6238): Landroid/text/Layout$SpannedEllipsizer;
I/dalvikvm( 6238): Landroid/app/FragmentManager;
I/dalvikvm( 6238): Landroid/view/ViewGroup$HoverTarget;
I/dalvikvm( 6238): Landroid/graphics/drawable/GradientDrawable$GradientState;
I/dalvikvm( 6238): Ljava/security/cert/PKIXCertPathChecker;
I/dalvikvm( 6238): Landroid/graphics/Paint$FontMetricsInt;
I/dalvikvm( 6238): Landroid/graphics/AvoidXfermode;
I/dalvikvm( 6238): Landroid/net/LinkQualityInfo;
I/dalvikvm( 6238): Ljava/nio/channels/ScatteringByteChannel;
I/dalvikvm( 6238): Landroid/content/DialogInterface;
I/dalvikvm( 6238): Ljava/nio/charset/CharsetICU;
I/dalvikvm( 6238): Ljava/lang/Readable;
I/dalvikvm( 6238): Lorg/xml/sax/Attributes;
I/dalvikvm( 6238): Landroid/app/ContextImpl$40;
I/dalvikvm( 6238): Ljava/lang/Number;
I/dalvikvm( 6238): Landroid/view/DragEvent;
I/dalvikvm( 6238): Landroid/webkit/JavascriptInterface;
I/dalvikvm( 6238): Landroid/content/Intent$FilterComparison;
I/dalvikvm( 6238): Landroid/widget/Editor$InsertionPointCursorController;
I/dalvikvm( 6238): Landroid/widget/GridLayout$Bounds;
I/dalvikvm( 6238): Lorg/apache/harmony/security/asn1/ASN1BitString;
I/dalvikvm( 6238): Lorg/apache/http/impl/conn/AbstractClientConnAdapter;
I/dalvikvm( 6238): Lorg/xml/sax/EntityResolver;
I/dalvikvm( 6238): Landroid/os/AsyncTask$AsyncTaskResult;
I/dalvikvm( 6238): Lcom/android/org/bouncycastle/asn1/ASN1Sequence;
I/dalvikvm( 6238): Lcom/android/org/bouncycastle/jcajce/provider/symmetric/DESede;
I/dalvikvm( 6238): Landroid/app/ContextImpl$41;
I/dalvikvm( 6238): Landroid/view/Choreographer;
I/dalvikvm( 6238): Landroid/text/InputFilter;
I/dalvikvm( 6238): Landroid/view/TouchDelegate;
I/dalvikvm( 6238): Lorg/apache/harmony/security/x501/Name;
I/dalvikvm( 6238): Lcom/android/org/chromium/media/WebAudioMediaCodecBridge;
I/dalvikvm( 6238): Lorg/apache/http/conn/BasicManagedEntity;
I/dalvikvm( 6238): Landroid/hardware/input/InputManager$InputDeviceVibrator;
I/dalvikvm( 6238): Lorg/apache/harmony/security/fortress/Engine$ServiceCacheEntry;
I/dalvikvm( 6238): Landroid/graphics/Paint$Style;
I/dalvikvm( 6238): Landroid/ddm/DdmHandleThread;
I/dalvikvm( 6238): Landroid/view/Gravity;
I/dalvikvm( 6238): Landroid/database/DatabaseUtils;
I/dalvikvm( 6238): Landroid/app/ContextImpl$42;
I/dalvikvm( 6238): Landroid/app/OnActivityPausedListener;
I/dalvikvm( 6238): Ljava/io/IOException;
I/dalvikvm( 6238): Landroid/widget/ImageView$ScaleType;
I/dalvikvm( 6238): Lcom/android/internal/widget/DialogTitle;
I/dalvikvm( 6238): Landroid/graphics/BitmapFactory$Options;
I/dalvikvm( 6238): Landroid/graphics/TemporaryBuffer;
I/dalvikvm( 6238): Lcom/android/internal/policy/PolicyManager;
I/dalvikvm( 6238): Landroid/view/Choreographer$FrameCallback;
I/dalvikvm( 6238): Lcom/android/org/chromium/content/common/DeviceTelephonyInfo;
I/dalvikvm( 6238): Ljava/lang/NoClassDefFoundError;
I/dalvikvm( 6238): Landroid/app/IServiceConnection$Stub;
I/dalvikvm( 6238): Landroid/app/ContextImpl$43;
I/dalvikvm( 6238): Lorg/apache/http/conn/scheme/LayeredSocketFactory;
I/dalvikvm( 6238): Landroid/view/View$PerformClick;
I/dalvikvm( 6238): Lcom/android/org/bouncycastle/util/io/Streams;
I/dalvikvm( 6238): Lorg/apache/harmony/security/asn1/BitString;
I/dalvikvm( 6238): [Landroid/app/BackStackState;
I/dalvikvm( 6238): Landroid/app/ContextImpl$44;
I/dalvikvm( 6238): Lcom/android/org/bouncycastle/jcajce/provider/config/ConfigurableProvider;
I/dalvikvm( 6238): Ljava/util/concurrent/locks/AbstractOwnableSynchronizer;
I/dalvikvm( 6238): Ljava/lang/RealToString;
I/dalvikvm( 6238): Lcom/android/org/chromium/content/app/NativeLibraries;
I/dalvikvm( 6238): Landroid/view/View$DragShadowBuilder;
I/dalvikvm( 6238): Landroid/text/TextDirectionHeuristics$AnyStrong;
I/dalvikvm( 6238): Landroid/view/WindowManager$LayoutParams$1;
I/dalvikvm( 6238): Landroid/app/SharedPreferencesImpl$MemoryCommitResult;
I/dalvikvm( 6238): Lorg/apache/harmony/security/asn1/ASN1StringType;
I/dalvikvm( 6238): [Ljava/lang/CharSequence;
I/dalvikvm( 6238): Landroid/app/ServiceConnectionLeaked;
I/dalvikvm( 6238): Ljava/math/RoundingMode;
I/dalvikvm( 6238): Landroid/widget/AdapterViewAnimator;
I/dalvikvm( 6238): Landroid/media/MediaExtractor;
I/dalvikvm( 6238): Landroid/view/ActionMode$Callback;
I/dalvikvm( 6238): Landroid/app/ContextImpl$45;
I/dalvikvm( 6238): Lcom/android/org/bouncycastle/asn1/ASN1Primitive;
I/dalvikvm( 6238): Ljava/util/AbstractList;
I/dalvikvm( 6238): Ljava/util/List;
I/dalvikvm( 6238): [Ljavax/microedition/khronos/egl/EGLConfig;
I/dalvikvm( 6238): Landroid/os/StrictMode$AndroidCloseGuardReporter;
I/dalvikvm( 6238): [Ljava/lang/Character;
I/dalvikvm( 6238): Ljava/util/regex/Pattern;
I/dalvikvm( 6238): Landroid/content/pm/InstrumentationInfo$1;
I/dalvikvm( 6238): Lcom/android/org/chromium/base/CommandLine;
I/dalvikvm( 6238): Ljava/lang/Daemons;
I/dalvikvm( 6238): Landroid/app/ContextImpl$46;
I/dalvikvm( 6238): Ljava/util/LinkedHashSet;
I/dalvikvm( 6238): Landroid/os/storage/StorageEventListener;
I/dalvikvm( 6238): Landroid/media/RemoteDisplay;
I/dalvikvm( 6238): Ljava/beans/PropertyChangeEvent;
I/dalvikvm( 6238): Lcom/android/internal/view/menu/ActionMenuPresenter$OverflowMenuButton;
I/dalvikvm( 6238): Landroid/text/method/DateTimeKeyListener;
I/dalvikvm( 6238): Lorg/apache/http/client/HttpRequestRetryHandler;
I/dalvikvm( 6238): Lcom/android/org/bouncycastle/jce/provider/PKIXNameConstraintValidator;
I/dalvikvm( 6238): Landroid/database/CharArrayBuffer;
I/dalvikvm( 6238): Landroid/util/LruCache;
I/dalvikvm( 6238): Landroid/app/ListActivity$1;
I/dalvikvm( 6238): [Ljava/util/zip/ZipEntry;
I/dalvikvm( 6238): Landroid/app/ContextImpl$47;
I/dalvikvm( 6238): Lorg/apache/harmony/security/asn1/BerOutputStream;
I/dalvikvm( 6238): Lorg/apache/http/HttpResponse;
I/dalvikvm( 6238): Landroid/webkit/WebViewFactoryProvider$Statics;
I/dalvikvm( 6238): Lorg/apache/harmony/security/fortress/Engine;
I/dalvikvm( 6238): Landroid/content/IntentFilter$MalformedMimeTypeException;
I/dalvikvm( 6238): Landroid/app/ListActivity$2;
I/dalvikvm( 6238): Landroid/content/pm/Signature$1;
I/dalvikvm( 6238): Landroid/app/ContextImpl$48;
I/dalvikvm( 6238): Landroid/os/storage/IMountService;
I/dalvikvm( 6238): Lcom/android/internal/view/IInputContextCallback$Stub;
I/dalvikvm( 6238): Lcom/android/org/bouncycastle/asn1/DefiniteLengthInputStream;
I/dalvikvm( 6238): Ljava/lang/StringBuilder;
I/dalvikvm( 6238): Lcom/android/org/chromium/content/browser/ContentViewCore;
I/dalvikvm( 6238): Landroid/widget/RemoteViewsAdapter;
I/dalvikvm( 6238): Ljava/util/HashMap$Values;
I/dalvikvm( 6238): Ljava/util/TreeMap$EntrySet;
I/dalvikvm( 6238): Lcom/android/org/bouncycastle/jcajce/provider/symmetric/PBEPKCS12;
I/dalvikvm( 6238): Landroid/widget/Editor$1;
I/dalvikvm( 6238): Landroid/widget/EditText;
I/dalvikvm( 6238): Landroid/accounts/AccountManager$AmsTask$1;
I/dalvikvm( 6238): Landroid/app/ContextImpl$49;
I/dalvikvm( 6238): Ljava/util/concurrent/Executors;
I/dalvikvm( 6238): Landroid/media/MediaPlayer;
I/dalvikvm( 6238): Lcom/android/internal/telephony/msim/ITelephonyMSim;
I/dalvikvm( 6238): Ljava/util/logging/Formatter;
I/dalvikvm( 6238): Lcom/android/org/bouncycastle/jcajce/provider/symmetric/PBEPKCS12$Mappings;
I/dalvikvm( 6238): Ljava/lang/reflect/AccessibleObject;
I/dalvikvm( 6238): Lorg/apache/harmony/xml/ExpatAttributes;
I/dalvikvm( 6238): Landroid/database/sqlite/SQLiteQueryBuilder;
I/dalvikvm( 6238): Landroid/graphics/DrawFilter;
I/dalvikvm( 6238): Landroid/opengl/ETC1;
I/dalvikvm( 6238): Lcom/android/org/bouncycastle/jcajce/provider/symmetric/AES;
I/dalvikvm( 6238): Landroid/provider/Settings$Secure;
I/dalvikvm( 6238): Landroid/text/method/LinkMovementMethod;
I/dalvikvm( 6238): Landroid/graphics/Path;
I/dalvikvm( 6238): Ljava/lang/NullPointerException;
I/dalvikvm( 6238): Llibcore/io/EventLogger;
I/dalvikvm( 6238): Landroid/location/LocationManager$GpsStatusListenerTransport;
I/dalvikvm( 6238): Landroid/widget/TextView;
I/dalvikvm( 6238): Ljava/io/CharArrayWriter;
I/dalvikvm( 6238): Ljava/util/concurrent/locks/ReentrantLock$NonfairSync;
I/dalvikvm( 6238): Landroid/view/MenuInflater;
I/dalvikvm( 6238): Lcom/android/internal/util/TypedProperties;
I/dalvikvm( 6238): Landroid/view/View$BaseSavedState$1;
I/dalvikvm( 6238): Ljava/lang/ref/SoftReference;
I/dalvikvm( 6238): Lcom/android/org/bouncycastle/jcajce/provider/keystore/BC$Mappings;
I/dalvikvm( 6238): Landroid/net/ProxyProperties;
I/dalvikvm( 6238): Landroid/media/AudioManager$FocusEventHandlerDelegate$1;
I/dalvikvm( 6238): Ljava/security/cert/X509CertSelector;
I/dalvikvm( 6238): Lorg/apache/harmony/security/asn1/ASN1Explicit;
I/dalvikvm( 6238): Lcom/android/org/chromium/content/app/Linker;
I/dalvikvm( 6238): Landroid/database/Cursor;
I/dalvikvm( 6238): Landroid/widget/Spinner$SpinnerPopup;
I/dalvikvm( 6238): Lcom/android/org/bouncycastle/asn1/DERIA5String;
I/dalvikvm( 6238): Llibcore/io/StructStat;
I/dalvikvm( 6238): Ljava/util/StringTokenizer;
I/dalvikvm( 6238): Ljava/io/StringReader;
I/dalvikvm( 6238): Landroid/app/ActivityThread$ResultData;
I/dalvikvm( 6238): Lorg/apache/harmony/security/asn1/ASN1Sequence;
I/dalvikvm( 6238): Lorg/apache/http/auth/AuthSchemeRegistry;
I/dalvikvm( 6238): Landroid/os/Looper;
I/dalvikvm( 6238): Landroid/hardware/SerialPort;
I/dalvikvm( 6238): Lcom/android/org/bouncycastle/asn1/DLSequence;
I/dalvikvm( 6238): Ljava/util/concurrent/locks/ReentrantReadWriteLock$ReadLock;
I/dalvikvm( 6238): Llibcore/io/DropBox;
I/dalvikvm( 6238): Landroid/widget/Toast;
I/dalvikvm( 6238): Lcom/android/org/bouncycastle/jcajce/provider/asymmetric/ec/KeyFactorySpi$EC;
I/dalvikvm( 6238): Landroid/provider/Settings$System;
I/dalvikvm( 6238): Landroid/text/method/BaseMovementMethod;
I/dalvikvm( 6238): Landroid/preference/PreferenceScreen;
I/dalvikvm( 6238): Lorg/apache/http/impl/cookie/RFC2965DomainAttributeHandler;
I/dalvikvm( 6238): Landroid/content/pm/IPackageDataObserver;
I/dalvikvm( 6238): Landroid/text/Spanned;
I/dalvikvm( 6238): Landroid/content/ClipDescription;
I/dalvikvm( 6238): Landroid/app/ActivityThread$ServiceArgsData;
I/dalvikvm( 6238): Landroid/app/ActivityManager$RunningAppProcessInfo$1;
I/dalvikvm( 6238): Ljava/util/concurrent/locks/AbstractQueuedSynchronizer;
I/dalvikvm( 6238): [Lorg/apache/harmony/security/utils/ObjectIdentifier;
I/dalvikvm( 6238): Landroid/app/ActivityManager;
I/dalvikvm( 6238): Lcom/android/internal/view/IInputMethodSession;
I/dalvikvm( 6238): Lorg/apache/http/client/methods/AbortableHttpRequest;
I/dalvikvm( 6238): [Landroid/app/FragmentState;
I/dalvikvm( 6238): Lcom/android/org/chromium/content/browser/LoadUrlParams;
I/dalvikvm( 6238): Landroid/widget/MediaController$MediaPlayerControl;
I/dalvikvm( 6238): Landroid/util/LongSparseArray;
I/dalvikvm( 6238): Lorg/apache/http/protocol/RequestConnControl;
I/dalvikvm( 6238): [Ljava/io/FileDescriptor;
I/dalvikvm( 6238): Landroid/graphics/drawable/DrawableContainer;
I/dalvikvm( 6238): Lorg/apache/http/HttpEntityEnclosingRequest;
I/dalvikvm( 6238): Landroid/os/AsyncTask$InternalHandler;
I/dalvikvm( 6238): Lorg/apache/commons/logging/LogFactory;
I/dalvikvm( 6238): Landroid/media/videoeditor/MediaArtistNativeHelper$FileType;
I/dalvikvm( 6238): [Ldalvik/system/DexPathList$Element;
I/dalvikvm( 6238): Ljava/lang/Package;
I/dalvikvm( 6238): Ljava/util/concurrent/ThreadPoolExecutor;
I/dalvikvm( 6238): Lorg/apache/http/impl/client/DefaultRequestDirector;
I/dalvikvm( 6238): Landroid/os/IServiceManager;
I/dalvikvm( 6238): Landroid/app/IProcessObserver$Stub;
I/dalvikvm( 6238): Lorg/apache/http/impl/cookie/BrowserCompatSpecFactory;
I/dalvikvm( 6238): Landroid/view/AccessibilityIterators$CharacterTextSegmentIterator;
I/dalvikvm( 6238): Lorg/apache/harmony/security/x509/AlgorithmIdentifier$1;
I/dalvikvm( 6238): Landroid/app/Instrumentation;
I/dalvikvm( 6238): Landroid/view/inputmethod/BaseInputConnection;
I/dalvikvm( 6238): Landroid/view/GLES20DisplayList;
I/dalvikvm( 6238): Lorg/apache/http/params/BasicHttpParams;
I/dalvikvm( 6238): Ljavax/net/ssl/SSLContextSpi;
I/dalvikvm( 6238): Landroid/view/inputmethod/CompletionInfo;
I/dalvikvm( 6238): Lcom/android/org/bouncycastle/asn1/iana/IANAObjectIdentifiers;
I/dalvikvm( 6238): Landroid/preference/Preference$OnPreferenceChangeListener;
I/dalvikvm( 6238): Landroid/hardware/display/DisplayManagerGlobal$DisplayManagerCallback;
I/dalvikvm( 6238): Landroid/graphics/PointF$1;
I/dalvikvm( 6238): Landroid/app/ActivityThread$DumpHeapData;
I/dalvikvm( 6238): Landroid/widget/Editor$InputMethodState;
I/dalvikvm( 6238): Lorg/apache/http/protocol/HttpRequestInterceptorList;
I/dalvikvm( 6238): Landroid/graphics/drawable/StateListDrawable;
I/dalvikvm( 6238): Llibcore/icu/NativePluralRules;
I/dalvikvm( 6238): Lorg/apache/http/cookie/CookiePathComparator;
I/dalvikvm( 6238): Landroid/app/ActivityManagerProxy;
I/dalvikvm( 6238): Landroid/graphics/drawable/NinePatchDrawable$NinePatchState;
I/dalvikvm( 6238): Llibcore/icu/NativeConverter;
I/dalvikvm( 6238): Landroid/widget/WrapperListAdapter;
I/dalvikvm( 6238): Landroid/text/style/CharacterStyle;
I/dalvikvm( 6238): Landroid/animation/Animator$AnimatorPauseListener;
I/dalvikvm( 6238): Lorg/apache/http/entity/AbstractHttpEntity;
I/dalvikvm( 6238): Lorg/apache/http/cookie/CookieSpecFactory;
I/dalvikvm( 6238): Lorg/apache/http/entity/HttpEntityWrapper;
I/dalvikvm( 6238): Landroid/util/SparseArray;
I/dalvikvm( 6238): Landroid/net/LocalSocketAddress;
I/dalvikvm( 6238): Landroid/util/Base64$Coder;
I/dalvikvm( 6238): Landroid/widget/AbsListView$ListItemAccessibilityDelegate;
I/dalvikvm( 6238): [Landroid/text/style/LeadingMarginSpan;
I/dalvikvm( 6238): [Landroid/content/pm/ProviderInfo;
I/dalvikvm( 6238): Landroid/media/ImageReader;
I/dalvikvm( 6238): Lorg/xml/sax/Locator;
I/dalvikvm( 6238): Landroid/content/DialogInterface$OnCancelListener;
I/dalvikvm( 6238): Lorg/apache/http/conn/routing/BasicRouteDirector;
I/dalvikvm( 6238): Landroid/app/ActivityThread$H;
I/dalvikvm( 6238): Llibcore/net/MimeUtils;
I/dalvikvm( 6238): Landroid/view/View$OnTouchListener;
I/dalvikvm( 6238): Lcom/android/internal/telephony/ITelephony$Stub;
I/dalvikvm( 6238): Landroid/net/IConnectivityManager$Stub$Proxy;
I/dalvikvm( 6238): Landroid/content/ActivityNotFoundException;
I/dalvikvm( 6238): Landroid/widget/GridLayout$Alignment;
I/dalvikvm( 6238): Ljava/io/PushbackReader;
I/dalvikvm( 6238): Lorg/apache/harmony/security/x509/AlgorithmIdentifier;
I/dalvikvm( 6238): Landroid/view/InputChannel$1;
I/dalvikvm( 6238): Landroid/graphics/drawable/TransitionDrawable$TransitionState;
I/dalvikvm( 6238): Ljava/security/cert/CertSelector;
I/dalvikvm( 6238): Landroid/net/NetworkState;
I/dalvikvm( 6238): Ljava/util/TreeMap$KeySet$1;
I/dalvikvm( 6238): Landroid/net/http/CertificateChainValidator;
I/dalvikvm( 6238): Ljava/io/FileNotFoundException;
I/dalvikvm( 6238): Landroid/view/ViewRootImpl$SendWindowContentChangedAccessibilityEvent;
I/dalvikvm( 6238): Landroid/view/Surface$1;
I/dalvikvm( 6238): Landroid/widget/ListPopupWindow;
I/dalvikvm( 6238): Ljavax/crypto/CipherSpi;
I/dalvikvm( 6238): Ljava/net/UnknownHostException;
I/dalvikvm( 6238): Lcom/android/org/bouncycastle/asn1/DERInteger;
I/dalvikvm( 6238): Ljavax/microedition/khronos/opengles/GL10;
I/dalvikvm( 6238): Landroid/view/SurfaceView$MyWindow;
I/dalvikvm( 6238): Landroid/location/LocationRequest;
I/dalvikvm( 6238): Landroid/content/ContentProvider;
I/dalvikvm( 6238): Lorg/xml/sax/DTDHandler;
I/dalvikvm( 6238): Landroid/os/SystemClock;
I/dalvikvm( 6238): Lcom/android/i18n/phonenumbers/PhoneNumberUtil;
I/dalvikvm( 6238): Landroid/net/SSLCertificateSocketFactory$1;
I/dalvikvm( 6238): Landroid/opengl/EGLObjectHandle;
I/dalvikvm( 6238): Lorg/apache/http/client/params/HttpClientParams;
I/dalvikvm( 6238): Ljava/util/Collections$UnmodifiableMap$UnmodifiableEntrySet$1;
I/dalvikvm( 6238): Lcom/google/android/gles_jni/EGLSurfaceImpl;
I/dalvikvm( 6238): Ldalvik/system/DalvikLogHandler;
I/dalvikvm( 6238): Landroid/view/MotionEvent$PointerProperties;
I/dalvikvm( 6238): Ljavax/microedition/khronos/opengles/GL11;
I/dalvikvm( 6238): Landroid/location/Geofence;
I/dalvikvm( 6238): [Landroid/os/AsyncTask$Status;
I/dalvikvm( 6238): Llibcore/util/MutableLong;
I/dalvikvm( 6238): Landroid/accounts/AccountManager$AmsTask;
I/dalvikvm( 6238): Landroid/widget/Space;
I/dalvikvm( 6238): Landroid/text/style/SubscriptSpan;
I/dalvikvm( 6238): Ljava/util/HashMap$HashIterator;
I/dalvikvm( 6238): Landroid/widget/CursorAdapter$MyDataSetObserver;
I/dalvikvm( 6238): Lorg/apache/harmony/security/asn1/ASN1Choice;
I/dalvikvm( 6238): Llibcore/io/GaiException;
I/dalvikvm( 6238): Ljava/nio/CharBuffer;
I/dalvikvm( 6238): Landroid/view/SurfaceView;
I/dalvikvm( 6238): Landroid/content/res/AssetManager;
I/dalvikvm( 6238): Landroid/database/ContentObserver;
I/dalvikvm( 6238): Lcom/android/internal/os/SomeArgs;
I/dalvikvm( 6238): Landroid/view/WindowManagerGlobal;
I/dalvikvm( 6238): Landroid/app/Application$ActivityLifecycleCallbacks;
I/dalvikvm( 6238): Landroid/graphics/drawable/Drawable$ConstantState;
I/dalvikvm( 6238): Lcom/android/org/chromium/ui/base/LocalizationUtils;
I/dalvikvm( 6238): Lcom/motorola/datacollection/DataCollectionListener;
I/dalvikvm( 6238): Lorg/apache/harmony/security/x509/GeneralNames$1;
I/dalvikvm( 6238): Landroid/media/MediaPlayer$OnSeekCompleteListener;
I/dalvikvm( 6238): Landroid/text/SpannableString;
I/dalvikvm( 6238): [Landroid/text/Layout$Alignment;
I/dalvikvm( 6238): Lorg/apache/http/message/BasicHeaderValueParser;
I/dalvikvm( 6238): Landroid/util/Slog;
I/dalvikvm( 6238): Lorg/apache/http/conn/params/ConnRoutePNames;
I/dalvikvm( 6238): Ljava/nio/DirectByteBuffer;
I/dalvikvm( 6238): Landroid/view/accessibility/AccessibilityManager$AccessibilityStateChangeListener;
I/dalvikvm( 6238): Lorg/apache/http/client/utils/URIUtils;
I/dalvikvm( 6238): Lorg/apache/http/impl/cookie/BasicExpiresHandler;
I/dalvikvm( 6238): Ljava/lang/reflect/InvocationHandler;
I/dalvikvm( 6238): Ljava/util/LinkedHashMap$EntryIterator;
I/dalvikvm( 6238): Landroid/os/ParcelUuid;
I/dalvikvm( 6238): Landroid/animation/Animator$AnimatorListener;
I/dalvikvm( 6238): Ljava/lang/IllegalMonitorStateException;
I/dalvikvm( 6238): Landroid/view/GLES20Canvas$CanvasFinalizer;
I/dalvikvm( 6238): Lorg/apache/http/message/BasicHttpResponse;
I/dalvikvm( 6238): Landroid/app/ActivityThread$BindServiceData;
I/dalvikvm( 6238): Lorg/apache/http/message/BufferedHeader;
I/dalvikvm( 6238): Landroid/widget/TableRow;
I/dalvikvm( 6238): Landroid/widget/GridView;
I/dalvikvm( 6238): Landroid/content/res/ResourcesKey;
I/dalvikvm( 6238): Landroid/view/animation/AnimationSet;
I/dalvikvm( 6238): Landroid/media/Image;
I/dalvikvm( 6238): Lcom/android/org/chromium/content/browser/MediaDrmCredentialManager$MediaDrmCredentialManagerCallback;
I/dalvikvm( 6238): Lorg/apache/http/HttpConnection;
I/dalvikvm( 6238): Landroid/hardware/Camera;
I/dalvikvm( 6238): Lcom/android/internal/view/InputBindResult$1;
I/dalvikvm( 6238): Ljava/util/Properties;
I/dalvikvm( 6238): Landroid/text/SpanWatcher;
I/dalvikvm( 6238): Lcom/android/org/chromium/content/browser/ContentViewStatics;
I/dalvikvm( 6238): Lcom/android/internal/view/IInputMethodSession$Stub$Proxy;
I/dalvikvm( 6238): Landroid/media/videoeditor/MediaArtistNativeHelper$AudioEffect;
I/dalvikvm( 6238): Landroid/location/Location$1;
I/dalvikvm( 6238): Ljava/net/InetAddress;
I/dalvikvm( 6238): Lorg/apache/http/message/BasicLineFormatter;
I/dalvikvm( 6238): Ljava/net/JarURLConnection;
I/dalvikvm( 6238): Lcom/android/internal/widget/ActionBarOverlayLayout$LayoutParams;
I/dalvikvm( 6238): Landroid/widget/AbsListView$MultiChoiceModeListener;
I/dalvikvm( 6238): Lcom/android/org/chromium/ui/base/SelectFileDialog;
I/dalvikvm( 6238): Landroid/view/LayoutInflater$BlinkLayout;
I/dalvikvm( 6238): Landroid/content/SyncContext;
I/dalvikvm( 6238): Ljava/lang/ref/Reference;
I/dalvikvm( 6238): Ljava/net/ResponseCache;
I/dalvikvm( 6238): Ljava/util/TreeMap$Relation;
I/dalvikvm( 6238): Landroid/view/ViewStub$OnInflateListener;
I/dalvikvm( 6238): Ljava/util/logging/Level;
I/dalvikvm( 6238): Lcom/android/internal/os/ZygoteConnection;
I/dalvikvm( 6238): Ljava/nio/charset/CoderResult;
I/dalvikvm( 6238): Ljava/util/Timer$TimerImpl;
I/dalvikvm( 6238): Ljava/lang/ref/WeakReference;
I/dalvikvm( 6238): Landroid/widget/PopupWindow$OnDismissListener;
I/dalvikvm( 6238): Landroid/view/InputEvent;
I/dalvikvm( 6238): Landroid/media/SubtitleController$Listener;
I/dalvikvm( 6238): Ljavax/net/ssl/TrustManager;
I/dalvikvm( 6238): Landroid/content/ISyncContext;
I/dalvikvm( 6238): Landroid/accounts/AccountManager$1;
I/dalvikvm( 6238): Llibcore/icu/RuleBasedCollatorICU;
I/dalvikvm( 6238): Llibcore/util/CollectionUtils$1;
I/dalvikvm( 6238): Landroid/view/ViewRootImpl$NativePreImeInputStage;
I/dalvikvm( 6238): Lorg/xml/sax/SAXNotSupportedException;
I/dalvikvm( 6238): Landroid/graphics/drawable/AnimatedRotateDrawable;
I/dalvikvm( 6238): Lorg/apache/http/client/protocol/ResponseProcessCookies;
I/dalvikvm( 6238): Ljava/util/Vector;
I/dalvikvm( 6238): Landroid/view/HardwareRenderer$Gl20Renderer$1;
I/dalvikvm( 6238): Landroid/accounts/AccountManager$2;
I/dalvikvm( 6238): Ljava/util/concurrent/TimeUnit$1;
I/dalvikvm( 6238): Lorg/apache/http/impl/entity/EntitySerializer;
I/dalvikvm( 6238): Ljava/util/concurrent/locks/Condition;
I/dalvikvm( 6238): Lorg/apache/http/StatusLine;
I/dalvikvm( 6238): Landroid/database/sqlite/SQLiteDatabase;
I/dalvikvm( 6238): Ljava/util/HashMap$ValueIterator;
I/dalvikvm( 6238): Landroid/graphics/Rect;
I/dalvikvm( 6238): Lcom/android/internal/widget/AutoScrollHelper;
I/dalvikvm( 6238): Landroid/view/inputmethod/InputMethodManager$1;
I/dalvikvm( 6238): Landroid/view/View$OnAttachStateChangeListener;
I/dalvikvm( 6238): Landroid/accounts/AccountManager$Future2Task;
I/dalvikvm( 6238): Landroid/accounts/AccountManager$3;
I/dalvikvm( 6238): Landroid/graphics/drawable/LayerDrawable$LayerState;
I/dalvikvm( 6238): Landroid/view/HardwareRenderer$Gl20Renderer$2;
I/dalvikvm( 6238): Ljava/util/concurrent/TimeUnit$2;
I/dalvikvm( 6238): Lorg/apache/http/client/methods/HttpGet;
I/dalvikvm( 6238): Landroid/media/DecoderCapabilities;
I/dalvikvm( 6238): Landroid/util/DisplayMetrics;
I/dalvikvm( 6238): Landroid/database/AbstractCursor$SelfContentObserver;
I/dalvikvm( 6238): Landroid/content/SharedPreferences$Editor;
I/dalvikvm( 6238): Lorg/json/JSONArray;
I/dalvikvm( 6238): Ljava/util/Date;
I/dalvikvm( 6238): Landroid/os/PowerManager$WakeLock$1;
I/dalvikvm( 6238): Landroid/telephony/TelephonyManager;
I/dalvikvm( 6238): Landroid/location/ILocationManager$Stub;
I/dalvikvm( 6238): Landroid/view/inputmethod/InputMethodManager$2;
I/dalvikvm( 6238): Lcom/android/internal/view/menu/ActionMenuPresenter;
I/dalvikvm( 6238): Ljava/sql/Date;
I/dalvikvm( 6238): Landroid/accounts/AccountManager$4;
I/dalvikvm( 6238): Landroid/text/ClipboardManager;
I/dalvikvm( 6238): Ljava/util/concurrent/TimeUnit$3;
I/dalvikvm( 6238): Lorg/apache/harmony/security/x509/TBSCertificate$1;
I/dalvikvm( 6238): Landroid/view/KeyCharacterMap$FallbackAction;
I/dalvikvm( 6238): Landroid/widget/ProgressBar$RefreshData;
I/dalvikvm( 6238): Lorg/apache/http/client/RedirectHandler;
I/dalvikvm( 6238): Lorg/apache/http/impl/cookie/RFC2965Spec;
I/dalvikvm( 6238): Landroid/view/PointerIcon;
I/dalvikvm( 6238): Landroid/view/LayoutInflater;
I/dalvikvm( 6238): Lcom/android/org/bouncycastle/asn1/ASN1Encodable;
I/dalvikvm( 6238): Landroid/accounts/AccountManager$5;
I/dalvikvm( 6238): Ljava/util/concurrent/TimeUnit$4;
I/dalvikvm( 6238): Landroid/animation/Keyframe$FloatKeyframe;
I/dalvikvm( 6238): Lcom/android/org/bouncycastle/asn1/ASN1String;
I/dalvikvm( 6238): Lcom/android/org/conscrypt/Platform$OpenSSLMapper;
I/dalvikvm( 6238): Landroid/webkit/WebViewFactoryProvider;
I/dalvikvm( 6238): Landroid/content/IIntentSender$Stub;
I/dalvikvm( 6238): Lorg/apache/harmony/security/fortress/Services;
I/dalvikvm( 6238): Landroid/app/TaskStackBuilder;
I/dalvikvm( 6238): Landroid/accounts/AccountManager$6;
I/dalvikvm( 6238): Landroid/app/ActionBar$LayoutParams;
I/dalvikvm( 6238): Landroid/hardware/input/InputManager$1;
I/dalvikvm( 6238): Landroid/mtp/MtpStorageInfo;
I/dalvikvm( 6238): Landroid/webkit/URLUtil;
I/dalvikvm( 6238): Ljava/util/Hashtable$HashIterator;
I/dalvikvm( 6238): Ljava/util/concurrent/TimeUnit$5;
I/dalvikvm( 6238): Ljava/lang/reflect/Field;
I/dalvikvm( 6238): Lcom/android/org/bouncycastle/asn1/ASN1OctetString;
I/dalvikvm( 6238): Ljava/util/Hashtable$EntrySet;
I/dalvikvm( 6238): Ljava/security/Provider;
I/dalvikvm( 6238): Lcom/android/org/chromium/android_webview/AwDevToolsServer;
I/dalvikvm( 6238): Landroid/widget/AbsListView$InputConnectionWrapper;
I/dalvikvm( 6238): Landroid/os/storage/StorageManager$MountServiceBinderListener;
I/dalvikvm( 6238): Ljava/nio/FileChannelImpl$1;
I/dalvikvm( 6238): Ljava/util/concurrent/ConcurrentHashMap$HashIterator;
I/dalvikvm( 6238): Ljava/text/Bidi$Run;
I/dalvikvm( 6238): Landroid/view/View$AttachInfo;
I/dalvikvm( 6238): Landroid/accounts/AccountManager$7;
I/dalvikvm( 6238): Lcom/android/internal/util/FastPrintWriter;
I/dalvikvm( 6238): Landroid/os/PatternMatcher$1;
I/dalvikvm( 6238): Landroid/net/NetworkStats;
I/dalvikvm( 6238): Landroid/app/ITransientNotification$Stub;
I/dalvikvm( 6238): Ljava/util/concurrent/TimeUnit$6;
I/dalvikvm( 6238): Landroid/graphics/drawable/NinePatchDrawable$1;
I/dalvikvm( 6238): Ljava/nio/charset/Charsets;
I/dalvikvm( 6238): Landroid/widget/AbsListView$WindowRunnnable;
I/dalvikvm( 6238): Lcom/android/internal/os/IDropBoxManagerService$Stub;
I/dalvikvm( 6238): Lcom/android/internal/view/menu/ActionMenuPresenter$SavedState$1;
I/dalvikvm( 6238): Landroid/database/BulkCursorToCursorAdaptor;
I/dalvikvm( 6238): Ljava/io/FilterOutputStream;
I/dalvikvm( 6238): Landroid/view/View$10;
I/dalvikvm( 6238): Landroid/content/BroadcastReceiver$PendingResult;
I/dalvikvm( 6238): Lorg/apache/http/auth/AuthState;
I/dalvikvm( 6238): Landroid/app/ActivityManagerNative;
I/dalvikvm( 6238): Landroid/content/ClipData$Item;
I/dalvikvm( 6238): Landroid/widget/Filter;
I/dalvikvm( 6238): Lorg/apache/http/protocol/BasicHttpProcessor;
I/dalvikvm( 6238): [Ljava/util/TreeMap$Relation;
I/dalvikvm( 6238): Landroid/accounts/AccountManager$8;
I/dalvikvm( 6238): Ljava/util/concurrent/TimeUnit$7;
I/dalvikvm( 6238): Landroid/animation/TimeInterpolator;
I/dalvikvm( 6238): Ljava/lang/NoSuchMethodException;
I/dalvikvm( 6238): Landroid/database/DatabaseErrorHandler;
I/dalvikvm( 6238): Landroid/view/InputQueue$FinishedInputEventCallback;
I/dalvikvm( 6238): Lcom/android/server/NetworkManagementSocketTagger$SocketTags;
I/dalvikvm( 6238): Ljava/io/FilterReader;
I/dalvikvm( 6238): Landroid/app/backup/BackupDataOutput;
I/dalvikvm( 6238): Landroid/view/View$11;
I/dalvikvm( 6238): Landroid/widget/ImageView;
I/dalvikvm( 6238): Landroid/view/MagnificationSpec;
I/dalvikvm( 6238): Ljava/security/MessageDigest;
I/dalvikvm( 6238): Landroid/app/BackStackRecord;
I/dalvikvm( 6238): Lorg/apache/harmony/security/x509/ExtendedKeyUsage$1;
I/dalvikvm( 6238): [Ljavax/net/ssl/TrustManager;
I/dalvikvm( 6238): Landroid/accounts/AccountManager$9;
I/dalvikvm( 6238): Llibcore/icu/TimeZoneNames$1;
I/dalvikvm( 6238): Landroid/app/backup/FileBackupHelperBase;
I/dalvikvm( 6238): [Lorg/apache/http/Header;
I/dalvikvm( 6238): Landroid/text/style/QuoteSpan;
I/dalvikvm( 6238): Landroid/mtp/MtpDevice;
I/dalvikvm( 6238): Lorg/apache/harmony/dalvik/NativeTestTarget;
I/dalvikvm( 6238): Ljava/security/Signature;
I/dalvikvm( 6238): Lcom/android/org/chromium/content/browser/PowerSaveBlocker;
I/dalvikvm( 6238): Landroid/media/videoeditor/MediaArtistNativeHelper$EffectSettings;
I/dalvikvm( 6238): Landroid/view/View$12;
I/dalvikvm( 6238): Ljava/util/concurrent/CountDownLatch;
I/dalvikvm( 6238): [Landroid/text/style/SuggestionSpan;
I/dalvikvm( 6238): Landroid/os/StrictMode$ViolationInfo;
I/dalvikvm( 6238): Landroid/view/Choreographer$FrameDisplayEventReceiver;
I/dalvikvm( 6238): Ljava/nio/channels/GatheringByteChannel;
I/dalvikvm( 6238): Landroid/os/AsyncTask$Status;
I/dalvikvm( 6238): Ljava/math/BigInt;
I/dalvikvm( 6238): Ljava/util/concurrent/Executors$FinalizableDelegatedExecutorService;
I/dalvikvm( 6238): Lorg/apache/harmony/security/x509/Certificate$1;
I/dalvikvm( 6238): Lorg/apache/http/impl/client/DefaultProxyAuthenticationHandler;
I/dalvikvm( 6238): Landroid/appwidget/AppWidgetProviderInfo;
I/dalvikvm( 6238): Landroid/text/style/LeadingMarginSpan;
I/dalvikvm( 6238): Landroid/view/InflateException;
I/dalvikvm( 6238): [Ljava/net/Proxy$Type;
I/dalvikvm( 6238): Landroid/app/ApplicationThreadNative;
I/dalvikvm( 6238): Ljava/net/SocketOptions;
I/dalvikvm( 6238): Llibcore/io/StructLinger;
I/dalvikvm( 6238): Landroid/graphics/DiscretePathEffect;
I/dalvikvm( 6238): Landroid/accounts/AccountManager$10;
I/dalvikvm( 6238): [Ljava/lang/reflect/Constructor;
I/dalvikvm( 6238): Landroid/text/Editable$Factory;
I/dalvikvm( 6238): Lorg/apache/http/conn/ClientConnectionManager;
I/dalvikvm( 6238): Landroid/net/NetworkStats$1;
I/dalvikvm( 6238): Lorg/apache/http/client/HttpClient;
I/dalvikvm( 6238): Landroid/net/wifi/WifiManager;
I/dalvikvm( 6238): Ljava/util/Collections$SynchronizedSet;
I/dalvikvm( 6238): Landroid/content/pm/ConfigurationInfo;
I/dalvikvm( 6238): Landroid/view/Choreographer$CallbackQueue;
I/dalvikvm( 6238): Landroid/app/ActivityThread$CreateServiceData;
I/dalvikvm( 6238): Ljavax/net/ssl/TrustManagerFactorySpi;
I/dalvikvm( 6238): Ljava/security/AccessController;
I/dalvikvm( 6238): Lorg/apache/http/conn/params/ConnPerRouteBean;
I/dalvikvm( 6238): Landroid/accounts/AccountManager$11;
I/dalvikvm( 6238): Lorg/apache/http/impl/conn/tsccm/ConnPoolByRoute$1;
I/dalvikvm( 6238): Ljava/nio/channels/spi/AbstractInterruptibleChannel;
I/dalvikvm( 6238): Landroid/database/sqlite/SQLiteConnection$PreparedStatement;
I/dalvikvm( 6238): Landroid/app/ActivityThread$GcIdler;
I/dalvikvm( 6238): Landroid/database/sqlite/SQLiteCustomFunction;
I/dalvikvm( 6238): Ljava/lang/ArrayIndexOutOfBoundsException;
I/dalvikvm( 6238): Landroid/view/accessibility/AccessibilityEvent;
I/dalvikvm( 6238): Landroid/view/ViewRootImpl$WindowInputEventReceiver;
I/dalvikvm( 6238): Landroid/database/sqlite/SQLiteGlobal;
I/dalvikvm( 6238): Landroid/animation/AnimatorInflater;
I/dalvikvm( 6238): Landroid/accounts/AccountManager$12;
I/dalvikvm( 6238): Ljava/net/PlainSocketImpl$PlainSocketInputStream;
I/dalvikvm( 6238): Ljavax/microedition/khronos/egl/EGLDisplay;
I/dalvikvm( 6238): Landroid/net/LocalServerSocket;
I/dalvikvm( 6238): Landroid/view/SurfaceHolder$Callback2;
I/dalvikvm( 6238): Landroid/widget/AbsListView$RecyclerListener;
I/dalvikvm( 6238): Landroid/view/DisplayList;
I/dalvikvm( 6238): Landroid/os/MessageQueue$IdleHandler;
I/dalvikvm( 6238): Landroid/app/LoadedApk$ReceiverDispatcher;
I/dalvikvm( 6238): Landroid/preference/Preference$BaseSavedState;
I/dalvikvm( 6238): Landroid/view/View$OnHoverListener;
I/dalvikvm( 6238): Lorg/apache/http/impl/cookie/NetscapeDraftSpecFactory;
I/dalvikvm( 6238): Ljava/text/Bidi;
I/dalvikvm( 6238): Lorg/apache/http/impl/io/AbstractSessionInputBuffer;
I/dalvikvm( 6238): Landroid/util/Singleton;
I/dalvikvm( 6238): Landroid/graphics/Canvas$CanvasFinalizer;
I/dalvikvm( 6238): Landroid/accounts/AccountManager$13;
I/dalvikvm( 6238): Lorg/apache/harmony/security/x501/AttributeTypeAndValue$1;
I/dalvikvm( 6238): Lorg/apache/http/impl/client/RoutedRequest;
I/dalvikvm( 6238): Ljava/util/logging/ErrorManager;
I/dalvikvm( 6238): Landroid/util/Pools$SimplePool;
I/dalvikvm( 6238): Ljava/util/concurrent/RejectedExecutionHandler;
I/dalvikvm( 6238): Lorg/apache/http/conn/routing/HttpRouteDirector;
I/dalvikvm( 6238): Lcom/android/org/bouncycastle/jcajce/provider/keystore/PKCS12$Mappings;
I/dalvikvm( 6238): Landroid/view/ViewGroup$LayoutParams;
I/dalvikvm( 6238): Landroid/os/IBinder$DeathRecipient;
I/dalvikvm( 6238): Landroid/hardware/Sensor;
I/dalvikvm( 6238): Landroid/text/TextDirectionHeuristics$TextDirectionHeuristicInternal;
I/dalvikvm( 6238): Landroid/os/Messenger;
I/dalvikvm( 6238): Landroid/view/inputmethod/InputMethodSubtype;
I/dalvikvm( 6238): Landroid/app/Notification$1;
I/dalvikvm( 6238): Landroid/app/IAlarmManager$Stub$Proxy;
I/dalvikvm( 6238): Lcom/android/org/chromium/net/AndroidNetworkLibrary;
I/dalvikvm( 6238): Landroid/os/Build;
I/dalvikvm( 6238): Lorg/apache/http/HttpVersion;
I/dalvikvm( 6238): Lorg/apache/harmony/security/x501/AttributeTypeAndValue$2;
I/dalvikvm( 6238): Landroid/util/Patterns;
I/dalvikvm( 6238): Landroid/database/sqlite/SQLiteConnectionPool$ConnectionWaiter;
I/dalvikvm( 6238): Ljava/text/FieldPosition;
I/dalvikvm( 6238): Lorg/apache/http/impl/io/HttpRequestWriter;
I/dalvikvm( 6238): Landroid/media/videoeditor/MediaArtistNativeHelper$VideoFormat;
I/dalvikvm( 6238): Landroid/os/Handler$Callback;
I/dalvikvm( 6238): Ljava/text/DateFormat$Field;
I/dalvikvm( 6238): [Ljava/lang/reflect/Type;
I/dalvikvm( 6238): Landroid/content/pm/ActivityInfo;
I/dalvikvm( 6238): Lorg/apache/http/HttpClientConnection;
I/dalvikvm( 6238): Landroid/media/IAudioService$Stub$Proxy;
I/dalvikvm( 6238): Landroid/graphics/drawable/ColorDrawable$ColorState;
I/dalvikvm( 6238): Lcom/android/org/bouncycastle/jce/provider/BouncyCastleProvider;
I/dalvikvm( 6238): Lorg/apache/http/impl/cookie/RFC2965VersionAttributeHandler;
I/dalvikvm( 6238): Lcom/android/org/chromium/content/browser/input/DateTimeChooserAndroid;
I/dalvikvm( 6238): Landroid/app/backup/FullBackup;
I/dalvikvm( 6238): Landroid/os/Parcelable;
I/dalvikvm( 6238): Landroid/media/videoeditor/MediaArtistNativeHelper$AlphaMagicSettings;
I/dalvikvm( 6238): Ljava/util/Hashtable$HashtableEntry;
I/dalvikvm( 6238): Landroid/text/Html;
I/dalvikvm( 6238): Lcom/android/org/chromium/content/browser/BrowserStartupController;
I/dalvikvm( 6238): Landroid/app/ActivityThread$ActivityClientRecord;
I/dalvikvm( 6238): Lorg/json/JSONStringer;
I/dalvikvm( 6238): Lcom/android/org/bouncycastle/asn1/DERT61String;
I/dalvikvm( 6238): Lcom/android/internal/app/AlertController;
I/dalvikvm( 6238): Landroid/view/accessibility/AccessibilityNodeInfo$1;
I/dalvikvm( 6238): Lorg/apache/http/conn/ssl/AllowAllHostnameVerifier;
I/dalvikvm( 6238): [Landroid/graphics/Bitmap$Config;
I/dalvikvm( 6238): Landroid/os/StrictMode$VmPolicy;
I/dalvikvm( 6238): Landroid/net/LocalSocketImpl;
I/dalvikvm( 6238): Landroid/view/InputEventConsistencyVerifier;
I/dalvikvm( 6238): Lorg/apache/http/impl/conn/tsccm/ConnPoolByRoute;
I/dalvikvm( 6238): Landroid/text/method/AllCapsTransformationMethod;
I/dalvikvm( 6238): Lcom/android/org/bouncycastle/jce/provider/PKIXCRLUtil;
I/dalvikvm( 6238): Ljava/lang/Thread;
I/dalvikvm( 6238): Landroid/net/wifi/IWifiManager$Stub;
I/dalvikvm( 6238): Landroid/util/Log$TerribleFailureHandler;
I/dalvikvm( 6238): Landroid/graphics/CornerPathEffect;
I/dalvikvm( 6238): Lorg/apache/harmony/xml/ExpatParser;
I/dalvikvm( 6238): Lorg/apache/http/impl/conn/ProxySelectorRoutePlanner;
I/dalvikvm( 6238): Landroid/app/FragmentBreadCrumbs$OnBreadCrumbClickListener;
I/dalvikvm( 6238): Landroid/widget/TextView$SavedState;
I/dalvikvm( 6238): [Ljava/lang/Throwable;
I/dalvikvm( 6238): Lorg/apache/http/conn/params/ConnPerRoute;
I/dalvikvm( 6238): [Lorg/apache/http/conn/routing/RouteInfo$TunnelType;
I/dalvikvm( 6238): Landroid/content/pm/ResolveInfo$1;
I/dalvikvm( 6238): Landroid/view/ViewRootImpl$1;
I/dalvikvm( 6238): Ljavax/microedition/khronos/egl/EGLContext;
I/dalvikvm( 6238): Lorg/apache/http/message/HeaderGroup;
I/dalvikvm( 6238): Landroid/content/AbstractThreadedSyncAdapter;
I/dalvikvm( 6238): Landroid/database/IBulkCursor;
I/dalvikvm( 6238): Landroid/database/CursorToBulkCursorAdaptor;
I/dalvikvm( 6238): Landroid/webkit/WebViewClient;
I/dalvikvm( 6238): Landroid/view/ViewRootImpl$QueuedInputEvent;
I/dalvikvm( 6238): Lcom/android/internal/view/IInputMethodManager$Stub$Proxy;
I/dalvikvm( 6238): Ljava/util/LinkedHashMap$LinkedEntry;
I/dalvikvm( 6238): Landroid/net/NetworkInfo;
I/dalvikvm( 6238): Landroid/widget/GridLayout$1;
I/dalvikvm( 6238): Landroid/net/NetworkStats$Entry;
I/dalvikvm( 6238): Lcom/android/org/bouncycastle/asn1/x509/X509Extensions;
I/dalvikvm( 6238): Lorg/apache/http/HeaderElementIterator;
I/dalvikvm( 6238): Landroid/util/LogWriter;
I/dalvikvm( 6238): Landroid/view/ViewRootImpl$2;
I/dalvikvm( 6238): Landroid/view/MenuInflater$InflatedOnMenuItemClickListener;
I/dalvikvm( 6238): Llibcore/io/EventLogger$DefaultReporter;
I/dalvikvm( 6238): Lcom/android/internal/telephony/ITelephonyRegistryMSim$Stub;
I/dalvikvm( 6238): Landroid/os/MessageQueue;
I/dalvikvm( 6238): Landroid/app/Fragment;
I/dalvikvm( 6238): Llibcore/net/url/FileHandler;
I/dalvikvm( 6238): Landroid/database/DataSetObserver;
I/dalvikvm( 6238): [Landroid/os/Parcel;
I/dalvikvm( 6238): Lcom/android/internal/view/menu/MenuPresenter$Callback;
I/dalvikvm( 6238): Landroid/widget/GridLayout$2;
I/dalvikvm( 6238): Lcom/android/webview/chromium/GraphicsUtils;
I/dalvikvm( 6238): Landroid/view/ViewRootImpl$3;
I/dalvikvm( 6238): Lcom/android/org/bouncycastle/jcajce/provider/asymmetric/X509$Mappings;
I/dalvikvm( 6238): Landroid/app/FragmentState;
I/dalvikvm( 6238): Ljava/text/DateFormat;
I/dalvikvm( 6238): Landroid/location/Address;
I/dalvikvm( 6238): Landroid/widget/GridLayout$3;
I/dalvikvm( 6238): Landroid/content/res/AssetFileDescriptor$1;
I/dalvikvm( 6238): Landroid/view/ViewRootImpl$4;
I/dalvikvm( 6238): Ljavax/microedition/khronos/opengles/GL10Ext;
I/dalvikvm( 6238): Landroid/app/ActivityThread;
I/dalvikvm( 6238): Lcom/android/internal/os/SamplingProfilerIntegration;
I/dalvikvm( 6238): Landroid/accounts/IAccountManager$Stub$Proxy;
I/dalvikvm( 6238): Ljava/util/Collections$EmptySet;
I/dalvikvm( 6238): Ljava/lang/System;
I/dalvikvm( 6238): Lorg/apache/http/impl/auth/DigestSchemeFactory;
I/dalvikvm( 6238): Ljava/io/ByteArrayOutputStream;
I/dalvikvm( 6238): Landroid/database/sqlite/SQLiteSession$Transaction;
I/dalvikvm( 6238): Ljava/io/ObjectStreamConstants;
I/dalvikvm( 6238): Landroid/net/Uri$Part$EmptyPart;
I/dalvikvm( 6238): Landroid/widget/GridLayout$4;
I/dalvikvm( 6238): Landroid/graphics/drawable/shapes/Shape;
I/dalvikvm( 6238): Landroid/text/method/PasswordTransformationMethod;
I/dalvikvm( 6238): Landroid/app/IntentService$ServiceHandler;
I/dalvikvm( 6238): Landroid/view/ViewRootImpl$5;
I/dalvikvm( 6238): Ljava/security/PrivilegedAction;
I/dalvikvm( 6238): Landroid/media/ExifInterface;
I/dalvikvm( 6238): Landroid/widget/Filterable;
I/dalvikvm( 6238): Ljava/util/LinkedHashMap$KeyIterator;
I/dalvikvm( 6238): Ljava/security/cert/X509Certificate;
I/dalvikvm( 6238): Llibcore/util/ZoneInfoDB;
I/dalvikvm( 6238): Lorg/apache/http/impl/conn/tsccm/ThreadSafeClientConnManager;
I/dalvikvm( 6238): Landroid/widget/RemoteViews;
I/dalvikvm( 6238): [Landroid/text/method/TextKeyListener;
I/dalvikvm( 6238): [Ljava/math/RoundingMode;
I/dalvikvm( 6238): Lcom/android/org/chromium/net/GURLUtils;
I/dalvikvm( 6238): Landroid/widget/GridLayout$5;
I/dalvikvm( 6238): [Lorg/json/JSONStringer$Scope;
I/dalvikvm( 6238): Landroid/util/Pools$SynchronizedPool;
I/dalvikvm( 6238): Ljava/io/Externalizable;
I/dalvikvm( 6238): Lorg/apache/harmony/security/asn1/BerInputStream;
I/dalvikvm( 6238): Landroid/view/View$MeasureSpec;
I/dalvikvm( 6238): Lcom/android/internal/view/BaseSurfaceHolder;
I/dalvikvm( 6238): Lcom/android/internal/os/ZygoteInit$MethodAndArgsCaller;
I/dalvikvm( 6238): Landroid/widget/RemoteViews$Action;
I/dalvikvm( 6238): Lcom/android/org/bouncycastle/asn1/DEROctetString;
I/dalvikvm( 6238): Lorg/apache/http/conn/routing/HttpRoute;
I/dalvikvm( 6238): Lorg/apache/http/HttpRequest;
I/dalvikvm( 6238): Ljava/lang/Boolean;
I/dalvikvm( 6238): Landroid/view/ViewRootImpl$InvalidateOnAnimationRunnable;
I/dalvikvm( 6238): Ljava/io/PrintStream;
I/dalvikvm( 6238): Landroid/widget/LinearLayout$LayoutParams;
I/dalvikvm( 6238): Ljavax/crypto/SecretKey;
I/dalvikvm( 6238): Landroid/widget/GridLayout$6;
I/dalvikvm( 6238): Landroid/opengl/GLES10Ext;
I/dalvikvm( 6238): Ljava/net/ProxySelectorImpl;
I/dalvikvm( 6238): Landroid/widget/AutoCompleteTextView;
I/dalvikvm( 6238): Lorg/apache/harmony/security/asn1/ASN1Oid;
I/dalvikvm( 6238): Ljava/util/jar/JarVerifier;
I/dalvikvm( 6238): Landroid/app/FragmentManager$BackStackEntry;
I/dalvikvm( 6238): Landroid/os/IMessenger;
I/dalvikvm( 6238): Landroid/view/inputmethod/InputMethodManager$H;
I/dalvikvm( 6238): Landroid/media/JetPlayer;
I/dalvikvm( 6238): Lcom/android/org/chromium/content/browser/TracingControllerAndroid;
I/dalvikvm( 6238): Landroid/widget/GridLayout$7;
I/dalvikvm( 6238): Landroid/widget/ExpandableListConnector$PositionMetadata;
I/dalvikvm( 6238): Landroid/view/textservice/TextServicesManager;
I/dalvikvm( 6238): Lcom/android/org/bouncycastle/asn1/ASN1Object;
I/dalvikvm( 6238): Ljava/util/TreeMap$Bound;
I/dalvikvm( 6238): Landroid/widget/Editor$UndoInputFilter;
I/dalvikvm( 6238): Landroid/widget/GridLayout$8;
I/dalvikvm( 6238): Lorg/apache/http/HttpConnectionMetrics;
I/dalvikvm( 6238): Ljava/lang/Runnable;
I/dalvikvm( 6238): Landroid/graphics/Path$Direction;
I/dalvikvm( 6238): Landroid/graphics/drawable/shapes/RectShape;
I/dalvikvm( 6238): Landroid/graphics/Matrix$ScaleToFit;
I/dalvikvm( 6238): Landroid/widget/SearchView$OnCloseListener;
I/dalvikvm( 6238): Landroid/view/ViewGroup$OnHierarchyChangeListener;
I/dalvikvm( 6238): Ljava/util/Hashtable$EntryIterator;
I/dalvikvm( 6238): Lorg/apache/harmony/security/x509/Validity$1;
I/dalvikvm( 6238): Ljava/util/HashMap$KeyIterator;
I/dalvikvm( 6238): Landroid/ddm/DdmHandleAppName;
I/dalvikvm( 6238): Lorg/apache/harmony/security/x509/EDIPartyName$1;
I/dalvikvm( 6238): [[Lcom/android/org/bouncycastle/asn1/ASN1ObjectIdentifier;
I/dalvikvm( 6238): Landroid/view/accessibility/AccessibilityManager;
I/dalvikvm( 6238): Lorg/apache/http/impl/conn/tsccm/ThreadSafeClientConnManager$1;
I/dalvikvm( 6238): Landroid/media/AudioFormat;
I/dalvikvm( 6238): Llibcore/util/CollectionUtils$1$1;
I/dalvikvm( 6238): Ljava/lang/reflect/GenericDeclaration;
I/dalvikvm( 6238): Ljava/util/concurrent/Executors$DelegatedExecutorService;
I/dalvikvm( 6238): Lorg/apache/http/protocol/RequestExpectContinue;
I/dalvikvm( 6238): Landroid/database/CursorWindow;
I/dalvikvm( 6238): Landroid/R$styleable;
I/dalvikvm( 6238): Lcom/android/i18n/phonenumbers/ShortNumberUtil;
I/dalvikvm( 6238): Landroid/os/StrictMode$ThreadPolicy$Builder;
I/dalvikvm( 6238): Landroid/view/WindowId;
I/dalvikvm( 6238): Landroid/hardware/Camera$PreviewCallback;
I/dalvikvm( 6238): Ljava/nio/charset/CharsetEncoderICU;
I/dalvikvm( 6238): Landroid/text/style/ReplacementSpan;
I/dalvikvm( 6238): Landroid/content/UriMatcher;
I/dalvikvm( 6238): Lorg/apache/harmony/security/x509/ExtensionValue;
I/dalvikvm( 6238): Landroid/animation/AnimatorListenerAdapter;
I/dalvikvm( 6238): Landroid/animation/KeyframeSet;
I/dalvikvm( 6238): [Ljava/lang/Integer;
I/dalvikvm( 6238): Landroid/widget/Filter$FilterListener;
I/dalvikvm( 6238): Landroid/text/style/AlignmentSpan;
I/dalvikvm( 6238): Landroid/view/HardwareRenderer$GraphDataProvider;
I/dalvikvm( 6238): Landroid/ddm/DdmHandleNativeHeap;
I/dalvikvm( 6238): Landroid/webkit/CookieManager;
I/dalvikvm( 6238): Lorg/xml/sax/helpers/DefaultHandler;
I/dalvikvm( 6238): Landroid/graphics/Paint;
I/dalvikvm( 6238): Lcom/android/org/bouncycastle/jcajce/provider/symmetric/ARC4$Mappings;
I/dalvikvm( 6238): Lcom/android/internal/app/IAppOpsService;
I/dalvikvm( 6238): Landroid/os/ICheckinService$Stub;
I/dalvikvm( 6238): Lorg/apache/harmony/security/asn1/ASN1Constructed;
I/dalvikvm( 6238): Ljava/util/Enumeration;
I/dalvikvm( 6238): Ljava/text/DateFormatSymbols;
I/dalvikvm( 6238): Landroid/media/IAudioService;
I/dalvikvm( 6238): Ljava/util/Collections$EmptyList;
I/dalvikvm( 6238): Ljava/util/ArrayDeque;
I/dalvikvm( 6238): Landroid/view/ViewDebug$HierarchyHandler;
I/dalvikvm( 6238): Lcom/android/org/chromium/base/ImportantFileWriterAndroid;
I/dalvikvm( 6238): Lorg/apache/http/params/AbstractHttpParams;
I/dalvikvm( 6238): Landroid/util/Pair;
I/dalvikvm( 6238): Landroid/graphics/Region$1;
I/dalvikvm( 6238): [Landroid/graphics/Paint$Style;
I/dalvikvm( 6238): Lorg/apache/http/message/ParserCursor;
I/dalvikvm( 6238): Landroid/database/sqlite/SQLiteStatementInfo;
I/dalvikvm( 6238): [Landroid/text/style/CharacterStyle;
I/dalvikvm( 6238): Lcom/android/org/bouncycastle/asn1/DERObjectIdentifier;
I/dalvikvm( 6238): Lorg/apache/http/impl/cookie/RFC2965SpecFactory;
I/dalvikvm( 6238): Landroid/widget/CursorAdapter$ChangeObserver;
I/dalvikvm( 6238): Landroid/os/Bundle$1;
I/dalvikvm( 6238): Llibcore/net/url/JarURLConnectionImpl$JarURLConnectionInputStream;
I/dalvikvm( 6238): Landroid/app/NotificationManager;
I/dalvikvm( 6238): Landroid/webkit/WebSettings$RenderPriority;
I/dalvikvm( 6238): Landroid/graphics/Matrix$1;
I/dalvikvm( 6238): Landroid/app/SharedPreferencesImpl$EditorImpl$1;
I/dalvikvm( 6238): Ljava/security/Permission;
I/dalvikvm( 6238): Landroid/telephony/Rlog;
I/dalvikvm( 6238): Lorg/ccil/cowan/tagsoup/Scanner;
I/dalvikvm( 6238): Landroid/content/pm/PathPermission$1;
I/dalvikvm( 6238): Landroid/view/animation/GridLayoutAnimationController$AnimationParameters;
I/dalvikvm( 6238): Landroid/net/Uri;
I/dalvikvm( 6238): Landroid/text/style/LeadingMarginSpan$LeadingMarginSpan2;
I/dalvikvm( 6238): Ljava/lang/ClassNotFoundException;
I/dalvikvm( 6238): Landroid/graphics/drawable/ClipDrawable;
I/dalvikvm( 6238): Landroid/app/SharedPreferencesImpl$EditorImpl$2;
I/dalvikvm( 6238): Lorg/apache/http/impl/client/AbstractHttpClient;
I/dalvikvm( 6238): Landroid/media/videoeditor/MediaArtistNativeHelper$VideoFrameRate;
I/dalvikvm( 6238): Llibcore/net/http/HttpDate$1;
I/dalvikvm( 6238): Lorg/apache/harmony/security/x509/SubjectPublicKeyInfo;
I/dalvikvm( 6238): Lcom/android/org/conscrypt/TrustManagerFactoryImpl;
I/dalvikvm( 6238): Landroid/location/ILocationManager$Stub$Proxy;
I/dalvikvm( 6238): Landroid/net/wifi/WifiManager$ServiceHandler;
I/dalvikvm( 6238): Llibcore/util/CollectionUtils;
I/dalvikvm( 6238): Lorg/apache/http/message/BasicRequestLine;
I/dalvikvm( 6238): Landroid/util/Printer;
I/dalvikvm( 6238): [Ljava/util/concurrent/TimeUnit;
I/dalvikvm( 6238): Ljava/util/concurrent/ExecutorService;
I/dalvikvm( 6238): Landroid/view/IApplicationToken;
I/dalvikvm( 6238): Landroid/database/IContentObserver;
I/dalvikvm( 6238): Landroid/media/MediaCrypto;
I/dalvikvm( 6238): Landroid/app/ActivityThread$RequestAssistContextExtras;
I/dalvikvm( 6238): Landroid/app/SharedPreferencesImpl$EditorImpl$3;
I/dalvikvm( 6238): Landroid/renderscript/RenderScript;
I/dalvikvm( 6238): Lcom/android/internal/view/IInputConnectionWrapper;
I/dalvikvm( 6238): Lcom/android/org/conscrypt/OpenSSLSocketImpl;
I/dalvikvm( 6238): Lorg/apache/http/impl/EnglishReasonPhraseCatalog;
I/dalvikvm( 6238): Landroid/text/method/DigitsKeyListener;
I/dalvikvm( 6238): Landroid/view/ContextMenu;
I/dalvikvm( 6238): Ljava/net/URLEncoder$1;
I/dalvikvm( 6238): Lcom/android/internal/view/menu/MenuBuilder$Callback;
I/dalvikvm( 6238): Landroid/graphics/PathDashPathEffect;
I/dalvikvm( 6238): Lorg/apache/http/impl/cookie/BestMatchSpec;
I/dalvikvm( 6238): Ljava/lang/ref/ReferenceQueue;
I/dalvikvm( 6238): Ljavax/microedition/khronos/egl/EGLConfig;
I/dalvikvm( 6238): Landroid/database/sqlite/SQLiteOpenHelper;
I/dalvikvm( 6238): Landroid/widget/CompoundButton;
I/dalvikvm( 7808): ----- class 'Ljava/lang/String;' cl=0x0 ser=0x50000016 -----
I/dalvikvm( 7808):   objectSize=24 (8 from super)
I/dalvikvm( 7808):   access=0x0003.0011
I/dalvikvm( 7808):   super='Ljava/lang/Object;' (cl=0x0)
I/dalvikvm( 7808):   interfaces (3):
I/dalvikvm( 7808):      0: Ljava/io/Serializable; (cl=0x0)
I/dalvikvm( 7808):      1: Ljava/lang/Comparable; (cl=0x0)
I/dalvikvm( 7808):      2: Ljava/lang/CharSequence; (cl=0x0)
I/dalvikvm( 7808):   vtable (62 entries, 11 in super):
I/dalvikvm( 7808):      0: 0x5777e080                clone ()Ljava/lang/Object;
I/dalvikvm( 7808):      1: 0x577817a8               equals (Ljava/lang/Object;)Z
I/dalvikvm( 7808):      2: 0x5777e0f0             finalize ()V
I/dalvikvm( 7808):      3: 0x5777e128             getClass ()Ljava/lang/Class;
I/dalvikvm( 7808):      4: 0x57781930             hashCode ()I
I/dalvikvm( 7808):      5: 0x5777e198               notify ()V
I/dalvikvm( 7808):      6: 0x5777e1d0            notifyAll ()V
I/dalvikvm( 7808):      7: 0x57781fc0             toString ()Ljava/lang/String;
I/dalvikvm( 7808):      8: 0x5777e240                 wait ()V
I/dalvikvm( 7808):      9: 0x5777e278                 wait (J)V
I/dalvikvm( 7808):     10: 0x5777e2b0                 wait (JI)V
I/dalvikvm( 7808):     11: 0x577814d0            _getChars (II[CI)V
I/dalvikvm( 7808):     12: 0x57781508               charAt (I)C
I/dalvikvm( 7808):     13: 0x57781540          codePointAt (I)I
I/dalvikvm( 7808):     14: 0x57781578      codePointBefore (I)I
I/dalvikvm( 7808):     15: 0x577815b0       codePointCount (II)I
I/dalvikvm( 7808):     16: 0x577815e8            compareTo (Ljava/lang/Object;)I
I/dalvikvm( 7808):     17: 0x57781620            compareTo (Ljava/lang/String;)I
I/dalvikvm( 7808):     18: 0x57781658  compareToIgnoreCase (Ljava/lang/String;)I
I/dalvikvm( 7808):     19: 0x57781690               concat (Ljava/lang/String;)Ljava/lang/String;
I/dalvikvm( 7808):     20: 0x577816c8             contains (Ljava/lang/CharSequence;)Z
I/dalvikvm( 7808):     21: 0x57781700        contentEquals (Ljava/lang/CharSequence;)Z
I/dalvikvm( 7808):     22: 0x57781738        contentEquals (Ljava/lang/StringBuffer;)Z
I/dalvikvm( 7808):     23: 0x57781770             endsWith (Ljava/lang/String;)Z
I/dalvikvm( 7808):     24: 0x577817e0     equalsIgnoreCase (Ljava/lang/String;)Z
I/dalvikvm( 7808):     25: 0x57781818             getBytes (II[BI)V
I/dalvikvm( 7808):     26: 0x57781850             getBytes ()[B
I/dalvikvm( 7808):     27: 0x57781888             getBytes (Ljava/lang/String;)[B
I/dalvikvm( 7808):     28: 0x577818c0             getBytes (Ljava/nio/charset/Charset;)[B
I/dalvikvm( 7808):     29: 0x577818f8             getChars (II[CI)V
I/dalvikvm( 7808):     30: 0x57781968              indexOf (I)I
I/dalvikvm( 7808):     31: 0x577819a0              indexOf (II)I
I/dalvikvm( 7808):     32: 0x577819d8              indexOf (Ljava/lang/String;)I
I/dalvikvm( 7808):     33: 0x57781a10              indexOf (Ljava/lang/String;I)I
I/dalvikvm( 7808):     34: 0x57781a48               intern ()Ljava/lang/String;
I/dalvikvm( 7808):     35: 0x57781a80              isEmpty ()Z
I/dalvikvm( 7808):     36: 0x57781ab8          lastIndexOf (I)I
I/dalvikvm( 7808):     37: 0x57781af0          lastIndexOf (II)I
I/dalvikvm( 7808):     38: 0x57781b28          lastIndexOf (Ljava/lang/String;)I
I/dalvikvm( 7808):     39: 0x57781b60          lastIndexOf (Ljava/lang/String;I)I
I/dalvikvm( 7808):     40: 0x57781b98               length ()I
I/dalvikvm( 7808):     41: 0x57781bd0              matches (Ljava/lang/String;)Z
I/dalvikvm( 7808):     42: 0x57781c08   offsetByCodePoints (II)I
I/dalvikvm( 7808):     43: 0x57781c40        regionMatches (ILjava/lang/String;II)Z
I/dalvikvm( 7808):     44: 0x57781c78        regionMatches (ZILjava/lang/String;II)Z
I/dalvikvm( 7808):     45: 0x57781cb0              replace (CC)Ljava/lang/String;
I/dalvikvm( 7808):     46: 0x57781ce8              replace (Ljava/lang/CharSequence;Ljava/lang/CharSequence;)Ljava/lang/String;
I/dalvikvm( 7808):     47: 0x57781d20           replaceAll (Ljava/lang/String;Ljava/lang/String;)Ljava/lang/String;
I/dalvikvm( 7808):     48: 0x57781d58         replaceFirst (Ljava/lang/String;Ljava/lang/String;)Ljava/lang/String;
I/dalvikvm( 7808):     49: 0x57781d90                split (Ljava/lang/String;)[Ljava/lang/String;
I/dalvikvm( 7808):     50: 0x57781dc8                split (Ljava/lang/String;I)[Ljava/lang/String;
I/dalvikvm( 7808):     51: 0x57781e00           startsWith (Ljava/lang/String;)Z
I/dalvikvm( 7808):     52: 0x57781e38           startsWith (Ljava/lang/String;I)Z
I/dalvikvm( 7808):     53: 0x57781e70          subSequence (II)Ljava/lang/CharSequence;
I/dalvikvm( 7808):     54: 0x57781ea8            substring (I)Ljava/lang/String;
I/dalvikvm( 7808):     55: 0x57781ee0            substring (II)Ljava/lang/String;
I/dalvikvm( 7808):     56: 0x57781f18          toCharArray ()[C
I/dalvikvm( 7808):     57: 0x57781f50          toLowerCase ()Ljava/lang/String;
I/dalvikvm( 7808):     58: 0x57781f88          toLowerCase (Ljava/util/Locale;)Ljava/lang/String;
I/dalvikvm( 7808):     59: 0x57781ff8          toUpperCase ()Ljava/lang/String;
I/dalvikvm( 7808):     60: 0x57782030          toUpperCase (Ljava/util/Locale;)Ljava/lang/String;
I/dalvikvm( 7808):     61: 0x57782068                 trim ()Ljava/lang/String;
I/dalvikvm( 7808):   direct methods (42 entries):
I/dalvikvm( 7808):      0:             <clinit> ()V
I/dalvikvm( 7808):      1:               <init> ()V
I/dalvikvm( 7808):      2:               <init> (II[C)V
I/dalvikvm( 7808):      3:               <init> (Ljava/lang/String;)V
I/dalvikvm( 7808):      4:               <init> (Ljava/lang/String;C)V
I/dalvikvm( 7808):      5:               <init> (Ljava/lang/String;I)V
I/dalvikvm( 7808):      6:               <init> (Ljava/lang/String;Ljava/lang/String;)V
I/dalvikvm( 7808):      7:               <init> (Ljava/lang/String;Ljava/lang/String;Ljava/lang/String;)V
I/dalvikvm( 7808):      8:               <init> (Ljava/lang/StringBuffer;)V
I/dalvikvm( 7808):      9:               <init> (Ljava/lang/StringBuilder;)V
I/dalvikvm( 7808):     10:               <init> ([B)V
I/dalvikvm( 7808):     11:               <init> ([BI)V
I/dalvikvm( 7808):     12:               <init> ([BII)V
I/dalvikvm( 7808):     13:               <init> ([BIII)V
I/dalvikvm( 7808):     14:               <init> ([BIILjava/lang/String;)V
I/dalvikvm( 7808):     15:               <init> ([BIILjava/nio/charset/Charset;)V
I/dalvikvm( 7808):     16:               <init> ([BLjava/lang/String;)V
I/dalvikvm( 7808):     17:               <init> ([BLjava/nio/charset/Charset;)V
I/dalvikvm( 7808):     18:               <init> ([C)V
I/dalvikvm( 7808):     19:               <init> ([CII)V
I/dalvikvm( 7808):     20:               <init> ([III)V
I/dalvikvm( 7808):     21:          copyValueOf ([C)Ljava/lang/String;
I/dalvikvm( 7808):     22:          copyValueOf ([CII)Ljava/lang/String;
I/dalvikvm( 7808):     23:    failedBoundsCheck (III)Ljava/lang/StringIndexOutOfBoundsException;
I/dalvikvm( 7808):     24:          fastIndexOf (II)I
I/dalvikvm( 7808):     25:             foldCase (C)C
I/dalvikvm( 7808):     26:               format (Ljava/lang/String;[Ljava/lang/Object;)Ljava/lang/String;
I/dalvikvm( 7808):     27:               format (Ljava/util/Locale;Ljava/lang/String;[Ljava/lang/Object;)Ljava/lang/String;
I/dalvikvm( 7808):     28:       indexAndLength (I)Ljava/lang/StringIndexOutOfBoundsException;
I/dalvikvm( 7808):     29:              indexOf (Ljava/lang/String;Ljava/lang/String;IIC)I
I/dalvikvm( 7808):     30: indexOfSupplementary (II)I
I/dalvikvm( 7808):     31: lastIndexOfSupplementary (II)I
I/dalvikvm( 7808):     32:    startEndAndLength (II)Ljava/lang/StringIndexOutOfBoundsException;
I/dalvikvm( 7808):     33:              valueOf (C)Ljava/lang/String;
I/dalvikvm( 7808):     34:              valueOf (D)Ljava/lang/String;
I/dalvikvm( 7808):     35:              valueOf (F)Ljava/lang/String;
I/dalvikvm( 7808):     36:              valueOf (I)Ljava/lang/String;
I/dalvikvm( 7808):     37:              valueOf (J)Ljava/lang/String;
I/dalvikvm( 7808):     38:              valueOf (Ljava/lang/Object;)Ljava/lang/String;
I/dalvikvm( 7808):     39:              valueOf (Z)Ljava/lang/String;
I/dalvikvm( 7808):     40:              valueOf ([C)Ljava/lang/String;
I/dalvikvm( 7808):     41:              valueOf ([CII)Ljava/lang/String;
I/dalvikvm( 7808):   static fields (4 entries):
I/dalvikvm( 7808):      0:                ASCII [C
I/dalvikvm( 7808):      1: CASE_INSENSITIVE_ORDER Ljava/util/Comparator;
I/dalvikvm( 7808):      2:     REPLACEMENT_CHAR C
I/dalvikvm( 7808):      3:     serialVersionUID J
I/dalvikvm( 7808):   instance fields (4 entries):
I/dalvikvm( 7808):      0:                value [C
I/dalvikvm( 7808):      1:             hashCode I
I/dalvikvm( 7808):      2:               offset I
I/dalvikvm( 7808):      3:                count I
